3.798 0.0 0.0
0.0 3.798 0.0
0.0 0.0 3.798
3.0 0.0 0.0
0.0 3.0 0.0
0.0 0.0 3.0
   0.0000000000   0.0000000000   0.0000000000 Ti
   0.0000000000   0.0000000000   1.0 Ti
   0.0000000000   0.0000000000   2.0 Ti
   3.0   0.9999989982   0.0000000000 Ti
   3.0   0.9999989982   0.9999989982 Ti
   3.0   0.9999989982   2.0000009964 Ti
   3.0   2.0000009964   0.0000000000 Ti
   3.0   2.0000009964   0.9999989982 Ti
   3.0   2.0000009964   2.0000009964 Ti
   0.9999989982   0.0000000000   0.0000000000 Ti
   0.9999989982   0.0000000000   0.9999989982 Ti
   0.9999989982   0.0000000000   2.0000009964 Ti
   0.9999989982   0.9999989982   0.0000000000 Ti
   0.9999989982   0.9999989982   0.9999989982 Ti
   0.9999989982   0.9999989982   2.0000009964 Ti
   0.9999989982   2.0000009964   0.0000000000 Ti
   0.9999989982   2.0000009964   0.9999989982 Ti
   0.9999989982   2.0000009964   2.0000009964 Ti
   2.0000009964   0.0000000000   0.0000000000 Ti
   2.0000009964   0.0000000000   0.9999989982 Ti
   2.0000009964   0.0000000000   2.0000009964 Ti
   2.0000009964   0.9999989982   0.0000000000 Ti
   2.0000009964   0.9999989982   0.9999989982 Ti
   2.0000009964   0.9999989982   2.0000009964 Ti
   2.0000009964   2.0000009964   0.0000000000 Ti
   2.0000009964   2.0000009964   0.9999989982 Ti
   2.0000009964   2.0000009964   2.0000009964 Ti
   0.0000000000   0.5000009991   0.9999989982 O
   0.0000000000   0.5000009991   2.0000009964 O
   2.9999999945   2.4999989955   0.0000000000 O
   0.9999989982   0.5000009991   0.9999989982 O
   0.9999989982   2.4999989955   0.0000000000 O
   0.9999989982   2.4999989955   2.0000009964 O
   2.0000009964   0.5000009991   0.0000000000 O
   2.0000009964   2.4999989955   0.9999989982 O
   2.0000009964   2.4999989955   2.0000009964 O
   0.5000009991   0.0000000000   0.9999989982 O
   0.5000009991   0.9999989982   0.0000000000 O
   0.5000009991   2.0000009964   0.9999989982 O
   1.4999999973   0.0000000000   2.9999999945 O
   1.4999999973   0.0000000000   2.0000009964 O
   1.4999999973   0.9999989982   0.9999989982 O
   1.4999999973   0.9999989982   2.0000009964 O
   1.4999999973   2.0000009964   0.0000000000 O
   1.4999999973   2.0000009964   2.0000009964 O
   0.0000000000   0.0000000000   0.5000009991 O
   2.9999999945   0.9999989982   2.4999989955 O
   2.9999999945   2.0000009964   2.4999989955 O
   0.9999989982   0.0000000000   0.5000009991 O
   0.9999989982   0.9999989982   0.5000009991 O
   0.9999989982   2.0000009964   1.4999999973 O
   2.0000009964   0.0000000000   1.4999999973 O
   2.0000009964   0.9999989982   2.4999989955 O
   2.0000009964   2.0000009964   2.4999989955 O
   0.0000000000   0.5000009991   0.0000000000 F
   2.9999999945   1.4999999973   0.0000000000 F
   2.9999999945   1.4999999973   0.9999989982 F
   2.9999999945   1.4999999973   2.0000009964 F
   2.9999999945   2.4999989955   0.9999989982 F
   2.9999999945   2.4999989955   2.0000009964 F
   0.9999989982   0.5000009991   0.0000000000 F
   0.9999989982   0.5000009991   2.0000009964 F
   0.9999989982   1.4999999973   0.0000000000 F
   0.9999989982   1.4999999973   0.9999989982 F
   0.9999989982   1.4999999973   2.0000009964 F
   0.9999989982   2.4999989955   0.9999989982 F
   2.0000009964   0.5000009991   0.9999989982 F
   2.0000009964   0.5000009991   2.0000009964 F
   2.0000009964   1.4999999973   0.0000000000 F
   2.0000009964   1.4999999973   0.9999989982 F
   2.0000009964   1.4999999973   2.0000009964 F
   2.0000009964   2.4999989955   0.0000000000 F
   0.5000009991   0.0000000000   0.0000000000 F
   0.5000009991   0.0000000000   2.0000009964 F
   0.5000009991   0.9999989982   0.9999989982 F
   0.5000009991   0.9999989982   2.0000009964 F
   0.5000009991   2.0000009964   0.0000000000 F
   0.5000009991   2.0000009964   2.0000009964 F
   1.4999999973   0.0000000000   0.9999989982 F
   1.4999999973   0.9999989982   0.0000000000 F
   1.4999999973   2.0000009964   0.9999989982 F
   2.4999989955   0.0000000000   0.0000000000 F
   2.4999989955   0.0000000000   0.9999989982 F
   2.4999989955   0.0000000000   2.0000009964 F
   2.4999989955   0.9999989982   0.0000000000 F
   2.4999989955   0.9999989982   0.9999989982 F
   2.4999989955   0.9999989982   2.0000009964 F
   2.4999989955   2.0000009964   0.0000000000 F
   2.4999989955   2.0000009964   0.9999989982 F
   2.4999989955   2.0000009964   2.0000009964 F
   0.0000000000   0.0000000000   1.4999999973 F
   0.0000000000   0.0000000000   2.4999989955 F
   2.9999999945   0.9999989982   0.5000009991 F
   2.9999999945   0.9999989982   1.4999999973 F
   2.9999999945   2.0000009964   0.5000009991 F
   2.9999999945   2.0000009964   1.4999999973 F
   0.9999989982   0.0000000000   1.4999999973 F
   0.9999989982   0.0000000000   2.4999989955 F
   0.9999989982   0.9999989982   1.4999999973 F
   0.9999989982   0.9999989982   2.4999989955 F
   0.9999989982   2.0000009964   0.5000009991 F
   0.9999989982   2.0000009964   2.4999989955 F
   2.0000009964   0.0000000000   0.5000009991 F
   2.0000009964   0.0000000000   2.4999989955 F
   2.0000009964   0.9999989982   0.5000009991 F
   2.0000009964   0.9999989982   1.4999999973 F
   2.0000009964   2.0000009964   0.5000009991 F
   2.0000009964   2.0000009964   1.4999999973 F
