1
0.000000
0

3
0.000000
1
0.500000 1.000000 1.000000

12
2.685592
2
0.500000 1.000000 1.000000
0.000000 1.500000 1.000000

3
3.798000
2
1.000000 1.000000 0.500000
1.000000 1.000000 1.500000

6
3.798000
2
1.000000 1.000000 0.500000
2.000000 1.000000 0.500000

24
4.651581
2
1.000000 1.000000 0.500000
1.500000 0.000000 0.000000

12
5.371183
2
0.500000 1.000000 1.000000
-0.500000 2.000000 1.000000

6
5.371183
2
1.000000 0.500000 1.000000
2.000000 0.500000 0.000000

24
6.005165
2
1.000000 1.000000 0.500000
1.500000 1.000000 -1.000000

12
6.578329
2
1.000000 1.000000 0.500000
2.000000 0.000000 1.500000

8
2.685592
3
1.000000 0.500000 1.000000
1.000000 0.000000 1.500000
1.500000 0.000000 1.000000

12
3.798000
3
1.000000 1.000000 0.500000
1.000000 0.500000 1.000000
1.000000 1.000000 1.500000

12
3.798000
3
1.000000 1.000000 0.500000
1.500000 1.000000 0.000000
2.000000 1.000000 0.500000

12
3.798000
4
1.000000 1.000000 0.500000
1.500000 1.000000 1.000000
1.000000 0.500000 1.000000
1.000000 1.000000 1.500000

3
3.798000
4
1.000000 1.000000 0.500000
1.000000 1.500000 1.000000
1.000000 0.500000 1.000000
1.000000 1.000000 1.500000

3
3.798000
4
1.000000 1.000000 0.500000
1.500000 1.000000 1.000000
1.500000 1.000000 0.000000
2.000000 1.000000 0.500000

