0.666667 0.084959 0.092502 -0.007543 1.000000 0000
0.666667 0.104132 0.109211 -0.005080 1.000000 0001
0.666667 0.076797 0.089616 -0.012819 1.000000 0002
0.666667 0.182779 0.171795 0.010984 1.000000 0003
0.666667 0.142477 0.125847 0.016629 1.000000 0004
0.666667 0.141417 0.126467 0.014949 1.000000 0005
0.666667 0.088847 0.088693 0.000154 1.000000 0006
0.666667 0.090451 0.089313 0.001138 1.000000 0007
0.666667 0.083590 0.083607 -0.000017 1.000000 0008
0.666667 0.083534 0.083618 -0.000084 1.000000 0009
0.666667 0.090745 0.112097 -0.021352 1.000000 0010
0.666667 0.051757 0.050294 0.001462 1.000000 0011
0.666667 0.052229 0.052158 0.000071 1.000000 0012
0.666667 0.213606 0.205239 0.008366 1.000000 0013
0.666667 0.180775 0.159292 0.021483 1.000000 0014
0.666667 0.180898 0.159912 0.020986 1.000000 0015
0.666667 0.137075 0.134902 0.002173 1.000000 0016
0.666667 0.137588 0.135522 0.002066 1.000000 0017
0.666667 0.129332 0.129816 -0.000484 1.000000 0018
0.666667 0.129290 0.129827 -0.000537 1.000000 0019
0.666667 0.305975 0.325138 -0.019163 1.000000 0047
0.666667 0.036611 0.045180 -0.008570 1.000000 0215
0.666667 -0.001247 -0.002599 0.001352 1.000000 0253
0.666667 -0.000348 -0.000105 -0.000243 1.000000 0254
0.666667 -0.000616 -0.001338 0.000722 1.000000 0255
0.666667 -0.000410 0.001150 -0.001560 1.000000 0256
0.666667 0.000743 0.002369 -0.001626 1.000000 0257
0.666667 0.000480 -0.000439 0.000919 1.000000 0272
0.666667 0.000344 0.001157 -0.000813 1.000000 0273
0.666667 0.000543 0.002390 -0.001847 1.000000 0275
0.666667 0.001555 0.002035 -0.000480 1.000000 0277
0.666667 0.000093 -0.000077 0.000170 1.000000 0281
0.666667 0.001496 0.003630 -0.002134 1.000000 0283
0.666667 0.000177 -0.000759 0.000935 1.000000 0297
0.666667 0.001348 0.000460 0.000888 1.000000 0298
0.666667 0.002503 0.001679 0.000824 1.000000 0299
0.666667 0.072596 0.084587 -0.011991 1.000000 0307
0.666667 0.260764 0.271146 -0.010382 1.000000 0406
0.666667 0.257826 0.262268 -0.004442 1.000000 0472
0.666667 0.217247 0.186468 0.030779 1.000000 0516
0.666667 0.055566 0.060072 -0.004506 1.000000 0540
0.666667 0.155385 0.165563 -0.010178 1.000000 1000
0.666667 0.013427 0.009712 0.003715 1.000000 1011
0.666667 0.014672 0.008553 0.006119 1.000000 1016
0.666667 0.043009 0.048480 -0.005472 1.000000 1053
0.666667 0.046786 0.062381 -0.015595 1.000000 1065
0.666667 0.222111 0.241506 -0.019395 1.000000 1102
0.666667 0.085351 0.087569 -0.002218 1.000000 1122
0.666667 0.025913 0.020584 0.005328 1.000000 1237
0.666667 0.105879 0.098814 0.007065 1.000000 1440
0.666667 0.002396 0.005232 -0.002836 1.000000 1539
0.666667 0.003005 0.005852 -0.002847 1.000000 1540
0.666667 0.004072 0.005518 -0.001446 1.000000 1564
0.666667 0.004692 0.004542 0.000149 1.000000 1618
0.666667 0.005353 0.005162 0.000191 1.000000 1619
0.666667 0.067653 0.072441 -0.004788 1.000000 1788
0.666667 0.013130 0.008036 0.005095 1.000000 1822
0.666667 0.116637 0.102645 0.013992 1.000000 1955
0.666667 0.292612 0.281175 0.011438 1.000000 1999
0.666667 0.236990 0.237637 -0.000647 1.000000 2000
0.666667 0.085345 0.085019 0.000326 1.000000 2036
0.666667 0.242037 0.243241 -0.001203 1.000000 2152
0.666667 0.005991 0.005783 0.000208 1.000000 2564
0.666667 0.067371 0.080656 -0.013285 1.000000 2652
0.666667 0.016707 0.011925 0.004782 1.000000 2663
0.666667 -0.002264 -0.001538 -0.000726 1.000000 4-0001
0.666667 -0.000886 -0.001899 0.001014 1.000000 4-0002
0.666667 -0.003581 -0.003227 -0.000354 1.000000 4-0003
0.666667 0.000193 0.000189 0.000004 1.000000 4-0004
0.666667 0.000000 -0.000186 0.000186 1.000000 4-0005
