strain=
1.00000 0.00000 0.00000 
0.00000 1.00000 0.00000 
0.00000 0.00000 1.00000 

O atom at 4.00000 2.00000 0.50000 mapped onto lattice site at 4.00000 2.00000 0.50000 distance= 0.00000
O atom at 4.00000 2.00000 1.50000 mapped onto lattice site at 4.00000 2.00000 1.50000 distance= 0.00000
O atom at 4.00000 3.00000 0.50000 mapped onto lattice site at 4.00000 3.00000 0.50000 distance= 0.00000
O atom at 4.00000 1.00000 1.50000 mapped onto lattice site at 4.00000 1.00000 1.50000 distance= 0.00000
O atom at 2.00000 1.00000 1.50000 mapped onto lattice site at 2.00000 1.00000 1.50000 distance= 0.00000
O atom at 1.00000 4.00000 2.50000 mapped onto lattice site at 1.00000 4.00000 2.50000 distance= 0.00000
O atom at 3.00000 4.00000 2.50000 mapped onto lattice site at 3.00000 4.00000 2.50000 distance= 0.00000
O atom at 3.00000 2.00000 0.50000 mapped onto lattice site at 3.00000 2.00000 0.50000 distance= 0.00000
O atom at 3.00000 4.00000 1.50000 mapped onto lattice site at 3.00000 4.00000 1.50000 distance= 0.00000
O atom at 1.00000 1.00000 0.50000 mapped onto lattice site at 1.00000 1.00000 0.50000 distance= 0.00000
O atom at 3.00000 1.00000 1.50000 mapped onto lattice site at 3.00000 1.00000 1.50000 distance= 0.00000
O atom at 0.50000 2.00000 1.00000 mapped onto lattice site at 0.50000 2.00000 1.00000 distance= 0.00000
O atom at 2.50000 2.00000 1.00000 mapped onto lattice site at 2.50000 2.00000 1.00000 distance= 0.00000
O atom at 2.50000 3.00000 4.00000 mapped onto lattice site at 2.50000 3.00000 4.00000 distance= 0.00000
O atom at 2.50000 1.00000 1.00000 mapped onto lattice site at 2.50000 1.00000 1.00000 distance= 0.00000
O atom at 2.50000 1.00000 3.00000 mapped onto lattice site at 2.50000 1.00000 3.00000 distance= 0.00000
O atom at 1.50000 4.00000 2.00000 mapped onto lattice site at 1.50000 4.00000 2.00000 distance= 0.00000
O atom at 1.50000 2.00000 1.00000 mapped onto lattice site at 1.50000 2.00000 1.00000 distance= 0.00000
O atom at 3.50000 4.00000 1.00000 mapped onto lattice site at 3.50000 4.00000 1.00000 distance= 0.00000
O atom at 1.50000 3.00000 4.00000 mapped onto lattice site at 1.50000 3.00000 4.00000 distance= 0.00000
O atom at 3.50000 3.00000 2.00000 mapped onto lattice site at 3.50000 3.00000 2.00000 distance= 0.00000
O atom at 1.50000 1.00000 3.00000 mapped onto lattice site at 1.50000 1.00000 3.00000 distance= 0.00000
O atom at 3.50000 1.00000 1.00000 mapped onto lattice site at 3.50000 1.00000 1.00000 distance= 0.00000
O atom at 4.00000 0.50000 1.00000 mapped onto lattice site at 4.00000 0.50000 1.00000 distance= 0.00000
O atom at 2.00000 0.50000 1.00000 mapped onto lattice site at 2.00000 0.50000 1.00000 distance= 0.00000
O atom at 4.00000 1.50000 2.00000 mapped onto lattice site at 4.00000 1.50000 2.00000 distance= 0.00000
O atom at 2.00000 1.50000 4.00000 mapped onto lattice site at 2.00000 1.50000 4.00000 distance= 0.00000
O atom at 4.00000 3.50000 3.00000 mapped onto lattice site at 4.00000 3.50000 3.00000 distance= 0.00000
O atom at 1.00000 0.50000 4.00000 mapped onto lattice site at 1.00000 0.50000 4.00000 distance= 0.00000
O atom at 1.00000 0.50000 2.00000 mapped onto lattice site at 1.00000 0.50000 2.00000 distance= 0.00000
O atom at 3.00000 0.50000 2.00000 mapped onto lattice site at 3.00000 0.50000 2.00000 distance= 0.00000
O atom at 1.00000 0.50000 1.00000 mapped onto lattice site at 1.00000 0.50000 1.00000 distance= 0.00000
O atom at 1.00000 0.50000 3.00000 mapped onto lattice site at 1.00000 0.50000 3.00000 distance= 0.00000
O atom at 1.00000 1.50000 4.00000 mapped onto lattice site at 1.00000 1.50000 4.00000 distance= 0.00000
O atom at 1.00000 3.50000 1.00000 mapped onto lattice site at 1.00000 3.50000 1.00000 distance= 0.00000
O atom at 3.00000 1.50000 1.00000 mapped onto lattice site at 3.00000 1.50000 1.00000 distance= 0.00000
F atom at 2.00000 4.00000 0.50000 mapped onto lattice site at 2.00000 4.00000 0.50000 distance= 0.00000
F atom at 2.00000 4.00000 1.50000 mapped onto lattice site at 2.00000 4.00000 1.50000 distance= 0.00000
F atom at 4.00000 1.00000 0.50000 mapped onto lattice site at 4.00000 1.00000 0.50000 distance= 0.00000
F atom at 4.00000 1.00000 2.50000 mapped onto lattice site at 4.00000 1.00000 2.50000 distance= 0.00000
F atom at 2.00000 1.00000 0.50000 mapped onto lattice site at 2.00000 1.00000 0.50000 distance= 0.00000
F atom at 4.00000 3.00000 1.50000 mapped onto lattice site at 4.00000 3.00000 1.50000 distance= 0.00000
F atom at 1.00000 4.00000 0.50000 mapped onto lattice site at 1.00000 4.00000 0.50000 distance= 0.00000
F atom at 1.00000 2.00000 0.50000 mapped onto lattice site at 1.00000 2.00000 0.50000 distance= 0.00000
F atom at 3.00000 4.00000 0.50000 mapped onto lattice site at 3.00000 4.00000 0.50000 distance= 0.00000
F atom at 1.00000 4.00000 1.50000 mapped onto lattice site at 1.00000 4.00000 1.50000 distance= 0.00000
F atom at 1.00000 2.00000 1.50000 mapped onto lattice site at 1.00000 2.00000 1.50000 distance= 0.00000
F atom at 3.00000 2.00000 1.50000 mapped onto lattice site at 3.00000 2.00000 1.50000 distance= 0.00000
F atom at 1.00000 1.00000 2.50000 mapped onto lattice site at 1.00000 1.00000 2.50000 distance= 0.00000
F atom at 1.00000 3.00000 0.50000 mapped onto lattice site at 1.00000 3.00000 0.50000 distance= 0.00000
F atom at 3.00000 1.00000 0.50000 mapped onto lattice site at 3.00000 1.00000 0.50000 distance= 0.00000
F atom at 1.00000 3.00000 1.50000 mapped onto lattice site at 1.00000 3.00000 1.50000 distance= 0.00000
F atom at 0.50000 4.00000 2.00000 mapped onto lattice site at 0.50000 4.00000 2.00000 distance= 0.00000
F atom at 0.50000 2.00000 4.00000 mapped onto lattice site at 0.50000 2.00000 4.00000 distance= 0.00000
F atom at 0.50000 4.00000 1.00000 mapped onto lattice site at 0.50000 4.00000 1.00000 distance= 0.00000
F atom at 0.50000 4.00000 3.00000 mapped onto lattice site at 0.50000 4.00000 3.00000 distance= 0.00000
F atom at 2.50000 4.00000 3.00000 mapped onto lattice site at 2.50000 4.00000 3.00000 distance= 0.00000
F atom at 0.50000 1.00000 4.00000 mapped onto lattice site at 0.50000 1.00000 4.00000 distance= 0.00000
F atom at 0.50000 1.00000 2.00000 mapped onto lattice site at 0.50000 1.00000 2.00000 distance= 0.00000
F atom at 0.50000 3.00000 4.00000 mapped onto lattice site at 0.50000 3.00000 4.00000 distance= 0.00000
F atom at 0.50000 3.00000 2.00000 mapped onto lattice site at 0.50000 3.00000 2.00000 distance= 0.00000
F atom at 2.50000 1.00000 2.00000 mapped onto lattice site at 2.50000 1.00000 2.00000 distance= 0.00000
F atom at 2.50000 3.00000 2.00000 mapped onto lattice site at 2.50000 3.00000 2.00000 distance= 0.00000
F atom at 0.50000 1.00000 1.00000 mapped onto lattice site at 0.50000 1.00000 1.00000 distance= 0.00000
F atom at 0.50000 1.00000 3.00000 mapped onto lattice site at 0.50000 1.00000 3.00000 distance= 0.00000
F atom at 0.50000 3.00000 1.00000 mapped onto lattice site at 0.50000 3.00000 1.00000 distance= 0.00000
F atom at 2.50000 3.00000 1.00000 mapped onto lattice site at 2.50000 3.00000 1.00000 distance= 0.00000
F atom at 1.50000 2.00000 4.00000 mapped onto lattice site at 1.50000 2.00000 4.00000 distance= 0.00000
F atom at 3.50000 4.00000 2.00000 mapped onto lattice site at 3.50000 4.00000 2.00000 distance= 0.00000
F atom at 3.50000 2.00000 4.00000 mapped onto lattice site at 3.50000 2.00000 4.00000 distance= 0.00000
F atom at 1.50000 4.00000 1.00000 mapped onto lattice site at 1.50000 4.00000 1.00000 distance= 0.00000
F atom at 1.50000 4.00000 3.00000 mapped onto lattice site at 1.50000 4.00000 3.00000 distance= 0.00000
F atom at 3.50000 4.00000 3.00000 mapped onto lattice site at 3.50000 4.00000 3.00000 distance= 0.00000
F atom at 3.50000 2.00000 1.00000 mapped onto lattice site at 3.50000 2.00000 1.00000 distance= 0.00000
F atom at 1.50000 1.00000 4.00000 mapped onto lattice site at 1.50000 1.00000 4.00000 distance= 0.00000
F atom at 1.50000 1.00000 2.00000 mapped onto lattice site at 1.50000 1.00000 2.00000 distance= 0.00000
F atom at 3.50000 1.00000 4.00000 mapped onto lattice site at 3.50000 1.00000 4.00000 distance= 0.00000
F atom at 3.50000 1.00000 2.00000 mapped onto lattice site at 3.50000 1.00000 2.00000 distance= 0.00000
F atom at 3.50000 3.00000 4.00000 mapped onto lattice site at 3.50000 3.00000 4.00000 distance= 0.00000
F atom at 1.50000 3.00000 1.00000 mapped onto lattice site at 1.50000 3.00000 1.00000 distance= 0.00000
F atom at 3.50000 1.00000 3.00000 mapped onto lattice site at 3.50000 1.00000 3.00000 distance= 0.00000
F atom at 3.50000 3.00000 1.00000 mapped onto lattice site at 3.50000 3.00000 1.00000 distance= 0.00000
F atom at 4.00000 0.50000 2.00000 mapped onto lattice site at 4.00000 0.50000 2.00000 distance= 0.00000
F atom at 4.00000 2.50000 2.00000 mapped onto lattice site at 4.00000 2.50000 2.00000 distance= 0.00000
F atom at 2.00000 0.50000 4.00000 mapped onto lattice site at 2.00000 0.50000 4.00000 distance= 0.00000
F atom at 4.00000 0.50000 3.00000 mapped onto lattice site at 4.00000 0.50000 3.00000 distance= 0.00000
F atom at 4.00000 2.50000 1.00000 mapped onto lattice site at 4.00000 2.50000 1.00000 distance= 0.00000
F atom at 4.00000 2.50000 3.00000 mapped onto lattice site at 4.00000 2.50000 3.00000 distance= 0.00000
F atom at 4.00000 3.50000 2.00000 mapped onto lattice site at 4.00000 3.50000 2.00000 distance= 0.00000
F atom at 2.00000 3.50000 4.00000 mapped onto lattice site at 2.00000 3.50000 4.00000 distance= 0.00000
F atom at 4.00000 1.50000 1.00000 mapped onto lattice site at 4.00000 1.50000 1.00000 distance= 0.00000
F atom at 4.00000 1.50000 3.00000 mapped onto lattice site at 4.00000 1.50000 3.00000 distance= 0.00000
F atom at 4.00000 3.50000 1.00000 mapped onto lattice site at 4.00000 3.50000 1.00000 distance= 0.00000
F atom at 2.00000 1.50000 1.00000 mapped onto lattice site at 2.00000 1.50000 1.00000 distance= 0.00000
F atom at 1.00000 2.50000 2.00000 mapped onto lattice site at 1.00000 2.50000 2.00000 distance= 0.00000
F atom at 3.00000 0.50000 4.00000 mapped onto lattice site at 3.00000 0.50000 4.00000 distance= 0.00000
F atom at 1.00000 2.50000 1.00000 mapped onto lattice site at 1.00000 2.50000 1.00000 distance= 0.00000
F atom at 3.00000 0.50000 1.00000 mapped onto lattice site at 3.00000 0.50000 1.00000 distance= 0.00000
F atom at 1.00000 1.50000 2.00000 mapped onto lattice site at 1.00000 1.50000 2.00000 distance= 0.00000
F atom at 1.00000 3.50000 4.00000 mapped onto lattice site at 1.00000 3.50000 4.00000 distance= 0.00000
F atom at 1.00000 3.50000 2.00000 mapped onto lattice site at 1.00000 3.50000 2.00000 distance= 0.00000
F atom at 3.00000 1.50000 4.00000 mapped onto lattice site at 3.00000 1.50000 4.00000 distance= 0.00000
F atom at 3.00000 1.50000 2.00000 mapped onto lattice site at 3.00000 1.50000 2.00000 distance= 0.00000
F atom at 3.00000 3.50000 4.00000 mapped onto lattice site at 3.00000 3.50000 4.00000 distance= 0.00000
F atom at 1.00000 1.50000 3.00000 mapped onto lattice site at 1.00000 1.50000 3.00000 distance= 0.00000
F atom at 1.00000 3.50000 3.00000 mapped onto lattice site at 1.00000 3.50000 3.00000 distance= 0.00000
O atom at 4.00000 1.00000 3.50000 mapped onto lattice site at 4.00000 1.00000 3.50000 distance= 0.00000
F atom at 1.00000 4.00000 3.50000 mapped onto lattice site at 1.00000 4.00000 3.50000 distance= 0.00000
F atom at 3.00000 4.00000 3.50000 mapped onto lattice site at 3.00000 4.00000 3.50000 distance= 0.00000
F atom at 1.00000 1.00000 3.50000 mapped onto lattice site at 1.00000 1.00000 3.50000 distance= 0.00000
O atom at 4.00000 4.00000 2.50000 mapped onto lattice site at 4.00000 4.00000 2.50000 distance= 0.00000
O atom at 2.00000 2.00000 0.50000 mapped onto lattice site at 2.00000 2.00000 0.50000 distance= 0.00000
O atom at 4.00000 3.00000 2.50000 mapped onto lattice site at 4.00000 3.00000 2.50000 distance= 0.00000
O atom at 2.00000 1.00000 2.50000 mapped onto lattice site at 2.00000 1.00000 2.50000 distance= 0.00000
O atom at 1.00000 3.00000 2.50000 mapped onto lattice site at 1.00000 3.00000 2.50000 distance= 0.00000
O atom at 3.00000 3.00000 0.50000 mapped onto lattice site at 3.00000 3.00000 0.50000 distance= 0.00000
O atom at 3.00000 3.00000 1.50000 mapped onto lattice site at 3.00000 3.00000 1.50000 distance= 0.00000
O atom at 0.50000 4.00000 4.00000 mapped onto lattice site at 0.50000 4.00000 4.00000 distance= 0.00000
O atom at 0.50000 2.00000 2.00000 mapped onto lattice site at 0.50000 2.00000 2.00000 distance= 0.00000
O atom at 2.50000 4.00000 2.00000 mapped onto lattice site at 2.50000 4.00000 2.00000 distance= 0.00000
O atom at 3.50000 2.00000 3.00000 mapped onto lattice site at 3.50000 2.00000 3.00000 distance= 0.00000
O atom at 3.50000 3.00000 3.00000 mapped onto lattice site at 3.50000 3.00000 3.00000 distance= 0.00000
O atom at 4.00000 0.50000 4.00000 mapped onto lattice site at 4.00000 0.50000 4.00000 distance= 0.00000
O atom at 2.00000 2.50000 2.00000 mapped onto lattice site at 2.00000 2.50000 2.00000 distance= 0.00000
O atom at 2.00000 2.50000 1.00000 mapped onto lattice site at 2.00000 2.50000 1.00000 distance= 0.00000
O atom at 2.00000 3.50000 2.00000 mapped onto lattice site at 2.00000 3.50000 2.00000 distance= 0.00000
O atom at 2.00000 1.50000 3.00000 mapped onto lattice site at 2.00000 1.50000 3.00000 distance= 0.00000
O atom at 2.00000 3.50000 1.00000 mapped onto lattice site at 2.00000 3.50000 1.00000 distance= 0.00000
O atom at 2.00000 3.50000 3.00000 mapped onto lattice site at 2.00000 3.50000 3.00000 distance= 0.00000
O atom at 1.00000 2.50000 3.00000 mapped onto lattice site at 1.00000 2.50000 3.00000 distance= 0.00000
O atom at 3.00000 2.50000 1.00000 mapped onto lattice site at 3.00000 2.50000 1.00000 distance= 0.00000
O atom at 3.00000 2.50000 3.00000 mapped onto lattice site at 3.00000 2.50000 3.00000 distance= 0.00000
F atom at 4.00000 4.00000 0.50000 mapped onto lattice site at 4.00000 4.00000 0.50000 distance= 0.00000
F atom at 4.00000 2.00000 2.50000 mapped onto lattice site at 4.00000 2.00000 2.50000 distance= 0.00000
F atom at 2.00000 4.00000 2.50000 mapped onto lattice site at 2.00000 4.00000 2.50000 distance= 0.00000
F atom at 4.00000 4.00000 1.50000 mapped onto lattice site at 4.00000 4.00000 1.50000 distance= 0.00000
F atom at 2.00000 2.00000 1.50000 mapped onto lattice site at 2.00000 2.00000 1.50000 distance= 0.00000
F atom at 2.00000 3.00000 0.50000 mapped onto lattice site at 2.00000 3.00000 0.50000 distance= 0.00000
F atom at 2.00000 3.00000 1.50000 mapped onto lattice site at 2.00000 3.00000 1.50000 distance= 0.00000
F atom at 1.00000 2.00000 2.50000 mapped onto lattice site at 1.00000 2.00000 2.50000 distance= 0.00000
F atom at 3.00000 1.00000 2.50000 mapped onto lattice site at 3.00000 1.00000 2.50000 distance= 0.00000
F atom at 1.00000 1.00000 1.50000 mapped onto lattice site at 1.00000 1.00000 1.50000 distance= 0.00000
F atom at 2.50000 2.00000 4.00000 mapped onto lattice site at 2.50000 2.00000 4.00000 distance= 0.00000
F atom at 2.50000 2.00000 2.00000 mapped onto lattice site at 2.50000 2.00000 2.00000 distance= 0.00000
F atom at 0.50000 2.00000 3.00000 mapped onto lattice site at 0.50000 2.00000 3.00000 distance= 0.00000
F atom at 2.50000 4.00000 1.00000 mapped onto lattice site at 2.50000 4.00000 1.00000 distance= 0.00000
F atom at 2.50000 2.00000 3.00000 mapped onto lattice site at 2.50000 2.00000 3.00000 distance= 0.00000
F atom at 2.50000 1.00000 4.00000 mapped onto lattice site at 2.50000 1.00000 4.00000 distance= 0.00000
F atom at 0.50000 3.00000 3.00000 mapped onto lattice site at 0.50000 3.00000 3.00000 distance= 0.00000
F atom at 2.50000 3.00000 3.00000 mapped onto lattice site at 2.50000 3.00000 3.00000 distance= 0.00000
F atom at 3.50000 2.00000 2.00000 mapped onto lattice site at 3.50000 2.00000 2.00000 distance= 0.00000
F atom at 1.50000 3.00000 2.00000 mapped onto lattice site at 1.50000 3.00000 2.00000 distance= 0.00000
F atom at 1.50000 1.00000 1.00000 mapped onto lattice site at 1.50000 1.00000 1.00000 distance= 0.00000
F atom at 2.00000 0.50000 2.00000 mapped onto lattice site at 2.00000 0.50000 2.00000 distance= 0.00000
F atom at 2.00000 2.50000 4.00000 mapped onto lattice site at 2.00000 2.50000 4.00000 distance= 0.00000
F atom at 2.00000 0.50000 3.00000 mapped onto lattice site at 2.00000 0.50000 3.00000 distance= 0.00000
F atom at 2.00000 2.50000 3.00000 mapped onto lattice site at 2.00000 2.50000 3.00000 distance= 0.00000
F atom at 4.00000 1.50000 4.00000 mapped onto lattice site at 4.00000 1.50000 4.00000 distance= 0.00000
F atom at 4.00000 3.50000 4.00000 mapped onto lattice site at 4.00000 3.50000 4.00000 distance= 0.00000
F atom at 2.00000 1.50000 2.00000 mapped onto lattice site at 2.00000 1.50000 2.00000 distance= 0.00000
F atom at 1.00000 2.50000 4.00000 mapped onto lattice site at 1.00000 2.50000 4.00000 distance= 0.00000
F atom at 3.00000 2.50000 4.00000 mapped onto lattice site at 3.00000 2.50000 4.00000 distance= 0.00000
F atom at 3.00000 2.50000 2.00000 mapped onto lattice site at 3.00000 2.50000 2.00000 distance= 0.00000
F atom at 3.00000 0.50000 3.00000 mapped onto lattice site at 3.00000 0.50000 3.00000 distance= 0.00000
F atom at 3.00000 3.50000 2.00000 mapped onto lattice site at 3.00000 3.50000 2.00000 distance= 0.00000
F atom at 1.00000 1.50000 1.00000 mapped onto lattice site at 1.00000 1.50000 1.00000 distance= 0.00000
F atom at 3.00000 1.50000 3.00000 mapped onto lattice site at 3.00000 1.50000 3.00000 distance= 0.00000
F atom at 3.00000 3.50000 1.00000 mapped onto lattice site at 3.00000 3.50000 1.00000 distance= 0.00000
F atom at 3.00000 3.50000 3.00000 mapped onto lattice site at 3.00000 3.50000 3.00000 distance= 0.00000
O atom at 2.00000 4.00000 3.50000 mapped onto lattice site at 2.00000 4.00000 3.50000 distance= 0.00000
O atom at 4.00000 3.00000 3.50000 mapped onto lattice site at 4.00000 3.00000 3.50000 distance= 0.00000
O atom at 2.50000 4.00000 4.00000 mapped onto lattice site at 2.50000 4.00000 4.00000 distance= 0.00000
F atom at 2.00000 2.00000 2.50000 mapped onto lattice site at 2.00000 2.00000 2.50000 distance= 0.00000
F atom at 4.00000 4.00000 3.50000 mapped onto lattice site at 4.00000 4.00000 3.50000 distance= 0.00000
F atom at 4.00000 2.00000 3.50000 mapped onto lattice site at 4.00000 2.00000 3.50000 distance= 0.00000
F atom at 2.00000 3.00000 2.50000 mapped onto lattice site at 2.00000 3.00000 2.50000 distance= 0.00000
F atom at 2.00000 1.00000 3.50000 mapped onto lattice site at 2.00000 1.00000 3.50000 distance= 0.00000
F atom at 3.00000 2.00000 2.50000 mapped onto lattice site at 3.00000 2.00000 2.50000 distance= 0.00000
F atom at 3.00000 3.00000 2.50000 mapped onto lattice site at 3.00000 3.00000 2.50000 distance= 0.00000
F atom at 1.00000 3.00000 3.50000 mapped onto lattice site at 1.00000 3.00000 3.50000 distance= 0.00000
F atom at 3.00000 1.00000 3.50000 mapped onto lattice site at 3.00000 1.00000 3.50000 distance= 0.00000
F atom at 1.50000 4.00000 4.00000 mapped onto lattice site at 1.50000 4.00000 4.00000 distance= 0.00000
F atom at 1.50000 2.00000 2.00000 mapped onto lattice site at 1.50000 2.00000 2.00000 distance= 0.00000
F atom at 3.50000 4.00000 4.00000 mapped onto lattice site at 3.50000 4.00000 4.00000 distance= 0.00000
F atom at 1.50000 2.00000 3.00000 mapped onto lattice site at 1.50000 2.00000 3.00000 distance= 0.00000
F atom at 1.50000 3.00000 3.00000 mapped onto lattice site at 1.50000 3.00000 3.00000 distance= 0.00000
F atom at 4.00000 2.50000 4.00000 mapped onto lattice site at 4.00000 2.50000 4.00000 distance= 0.00000
O atom at 1.00000 2.00000 3.50000 mapped onto lattice site at 1.00000 2.00000 3.50000 distance= 0.00000
O atom at 3.00000 2.00000 3.50000 mapped onto lattice site at 3.00000 2.00000 3.50000 distance= 0.00000
F atom at 2.00000 2.00000 3.50000 mapped onto lattice site at 2.00000 2.00000 3.50000 distance= 0.00000
F atom at 2.00000 3.00000 3.50000 mapped onto lattice site at 2.00000 3.00000 3.50000 distance= 0.00000
F atom at 3.00000 3.00000 3.50000 mapped onto lattice site at 3.00000 3.00000 3.50000 distance= 0.00000
Ti atom ignored at 4.00000 4.00000 4.00000
Ti atom ignored at 4.00000 4.00000 2.00000
Ti atom ignored at 4.00000 2.00000 4.00000
Ti atom ignored at 4.00000 2.00000 2.00000
Ti atom ignored at 2.00000 4.00000 4.00000
Ti atom ignored at 2.00000 4.00000 2.00000
Ti atom ignored at 2.00000 2.00000 4.00000
Ti atom ignored at 2.00000 2.00000 2.00000
Ti atom ignored at 4.00000 4.00000 1.00000
Ti atom ignored at 4.00000 4.00000 3.00000
Ti atom ignored at 4.00000 2.00000 1.00000
Ti atom ignored at 4.00000 2.00000 3.00000
Ti atom ignored at 2.00000 4.00000 1.00000
Ti atom ignored at 2.00000 4.00000 3.00000
Ti atom ignored at 2.00000 2.00000 1.00000
Ti atom ignored at 2.00000 2.00000 3.00000
Ti atom ignored at 4.00000 1.00000 4.00000
Ti atom ignored at 4.00000 1.00000 2.00000
Ti atom ignored at 4.00000 3.00000 4.00000
Ti atom ignored at 4.00000 3.00000 2.00000
Ti atom ignored at 2.00000 1.00000 4.00000
Ti atom ignored at 2.00000 1.00000 2.00000
Ti atom ignored at 2.00000 3.00000 4.00000
Ti atom ignored at 2.00000 3.00000 2.00000
Ti atom ignored at 4.00000 1.00000 1.00000
Ti atom ignored at 4.00000 1.00000 3.00000
Ti atom ignored at 4.00000 3.00000 1.00000
Ti atom ignored at 4.00000 3.00000 3.00000
Ti atom ignored at 2.00000 1.00000 1.00000
Ti atom ignored at 2.00000 1.00000 3.00000
Ti atom ignored at 2.00000 3.00000 1.00000
Ti atom ignored at 2.00000 3.00000 3.00000
Ti atom ignored at 1.00000 4.00000 4.00000
Ti atom ignored at 1.00000 4.00000 2.00000
Ti atom ignored at 1.00000 2.00000 4.00000
Ti atom ignored at 1.00000 2.00000 2.00000
Ti atom ignored at 3.00000 4.00000 4.00000
Ti atom ignored at 3.00000 4.00000 2.00000
Ti atom ignored at 3.00000 2.00000 4.00000
Ti atom ignored at 3.00000 2.00000 2.00000
Ti atom ignored at 1.00000 4.00000 1.00000
Ti atom ignored at 1.00000 4.00000 3.00000
Ti atom ignored at 1.00000 2.00000 1.00000
Ti atom ignored at 1.00000 2.00000 3.00000
Ti atom ignored at 3.00000 4.00000 1.00000
Ti atom ignored at 3.00000 4.00000 3.00000
Ti atom ignored at 3.00000 2.00000 1.00000
Ti atom ignored at 3.00000 2.00000 3.00000
Ti atom ignored at 1.00000 1.00000 4.00000
Ti atom ignored at 1.00000 1.00000 2.00000
Ti atom ignored at 1.00000 3.00000 4.00000
Ti atom ignored at 1.00000 3.00000 2.00000
Ti atom ignored at 3.00000 1.00000 4.00000
Ti atom ignored at 3.00000 1.00000 2.00000
Ti atom ignored at 3.00000 3.00000 4.00000
Ti atom ignored at 3.00000 3.00000 2.00000
Ti atom ignored at 1.00000 1.00000 1.00000
Ti atom ignored at 1.00000 1.00000 3.00000
Ti atom ignored at 1.00000 3.00000 1.00000
Ti atom ignored at 1.00000 3.00000 3.00000
Ti atom ignored at 3.00000 1.00000 1.00000
Ti atom ignored at 3.00000 1.00000 3.00000
Ti atom ignored at 3.00000 3.00000 1.00000
Ti atom ignored at 3.00000 3.00000 3.00000
