1167 -212.03527999999997 None
0424 -210.44456 None
2479 -213.13 None
0531 -211.00599999999997 None
0427 -211.57536 None
1868 -211.25063999999998 None
0954 -211.52936 None
2071 -209.94472 None
1432 -212.5308 None
0208 -212.06104 None
0218 -211.48175999999998 None
0923 -212.52095999999997 None
2255 -210.12455999999997 None
2069 -209.91215999999997 None
0210 -212.07088 None
1445 -211.57536 None
2515 -211.43887999999998 None
0670 -211.22487999999998 None
0310 -210.61607999999998 None
1416 -211.12519999999998 None
0279 -212.00984 None
2446 -208.88279999999997 None
0428 -211.58223999999998 None
0700 -209.93568 None
1278 -213.30143999999999 None
2334 -210.61391999999998 None
2072 -208.97335999999999 None
1315 -210.09431999999998 None
1099 -211.49455999999998 None
1916 -211.22487999999998 None
2342 -209.07912 None
1425 -213.3988 None
1186 -209.72807999999998 None
0480 -209.17448 None
2201 -210.0912 None
1091 -213.30143999999999 None
2641 -213.13 None
2367 -210.59423999999999 None
0449 -210.43184 None
1526 -211.93496 None
0340 -210.71679999999998 None
2531 -213.13 None
1351 -211.22199999999998 None
1999 -206.82384 -206.58586169
0216 -212.5536 None
0937 -211.5724 None
0471 -210.97343999999998 None
1523 -211.5392 None
0704 -211.21511999999998 None
1972 -213.26584 None
2527 -212.0324 None
2413 -210.7748 None
0831 -210.19559999999998 None
1585 -210.65848 None
2044 -211.55968 None
2269 -210.06864 None
1736 -213.12016 None
1313 -211.51711999999998 None
1640 -211.5724 None
2055 -211.06408 None
1531 -211.51415999999998 None
0673 -211.5392 None
2310 -211.51128 None
1349 -211.54904 None
2242 -209.71287999999998 None
1855 -210.77792 None
1453 -211.89944 None
1414 -210.98183999999998 None
1179 -209.15104 None
0069 -210.11079999999998 None
0495 -211.92224 None
2506 -210.20832 None
1352 -211.13503999999998 None
2523 -211.13503999999998 None
2262 -211.27032 None
1624 -209.9092 None
2486 -209.42648 None
2599 -211.22487999999998 None
0433 -211.02167999999998 None
2321 -211.04312 None
1019 -212.04224 None
0649 -210.44392 None
1674 -213.29536 None
1163 -213.29847999999998 None
1800 -213.28552 None
2050 -209.38807999999997 None
1704 -211.51415999999998 None
0965 -213.3988 None
1271 -211.51664 None
1877 -210.18576 None
0387 -211.5724 None
1583 -209.73855999999998 None
2076 -210.25959999999998 None
1481 -212.80527999999998 None
0132 -210.10711999999998 None
0840 -213.31119999999999 None
0534 -210.52864 None
1206 -207.74375999999998 None
0587 -211.56495999999999 None
1740 -213.25599999999997 None
1031 -210.92728 None
0367 -209.5632 None
1033 -210.56704 None
1403 -213.27272 None
0463 -210.02336 None
1435 -210.10415999999998 None
1942 -212.94111999999998 None
1947 -212.7472 None
1944 -210.74176 None
0161 -210.64863999999997 None
0230 -212.07088 None
1098 -212.72215999999997 None
1564 -213.54448 -213.51083091
1745 -213.26584 None
0348 -211.84431999999998 None
1144 -211.02056 None
2458 -213.27568 None
0266 -212.01271999999997 None
0020 -209.99079999999998 None
1581 -210.18864 None
1753 -211.71743999999998 None
2339 -213.02336 None
1903 -213.40864 None
1242 -210.17592 None
0125 -211.02167999999998 None
2246 -210.1856 None
0571 -212.38511999999997 None
0256 -213.52775999999997 -213.6184058
1888 -211.42911999999998 None
1614 -213.05519999999999 None
0074 -211.49743999999998 None
2471 -211.14775999999998 None
2245 -208.63271999999998 None
1277 -213.25312 None
0652 -210.20144 None
1732 -211.52936 None
1329 -210.94 None
1067 -213.45687999999998 None
0730 -212.0708 None
1391 -211.12464 None
1799 -213.13984 None
1991 -212.01271999999997 None
2615 -211.47191999999998 None
1448 -211.5724 None
1101 -213.00367999999997 None
0011 -212.51119999999997 -212.36639293
1074 -212.43048 None
1824 -211.9448 None
2136 -207.76639999999998 None
2381 -212.39496 None
0612 -210.53848 None
1281 -213.11031999999997 None
1664 -211.87624 None
1117 -211.58808 None
0735 -211.14407999999997 None
0889 -212.51111999999998 None
0377 -210.13047999999998 None
1246 -211.87624 None
0023 -209.23935999999998 None
2455 -213.26296 None
1995 -213.52184 None
0122 -212.02256 None
2051 -211.16392 None
1305 -213.30432 None
1757 -210.21815999999998 None
2180 -211.22199999999998 None
0014 -209.7996 -209.26997098
1084 -211.15096 None
1589 -209.89935999999997 None
0961 -211.58808 None
1455 -211.62007999999997 None
2453 -212.39496 None
1434 -209.40391999999997 None
0435 -209.36551999999998 None
0846 -213.31119999999999 None
0783 -210.20832 None
1255 -213.30432 None
2505 -211.91912 None
0822 -212.3724 None
2524 -213.27568 None
0788 -210.56408 None
2034 -210.19848 None
0885 -210.64863999999997 None
2268 -210.65848 None
1789 -210.20832 None
0241 -212.06104 None
1856 -210.75215999999998 None
2098 -210.49775999999997 None
0371 -211.03456 None
0226 -212.064 None
1764 -213.27568 None
1173 -212.78032 None
0287 -210.55463999999998 None
0871 -210.11391999999998 None
2144 -211.15071999999998 None
1680 -208.84655999999998 None
0470 -210.60039999999998 None
0902 -211.62071999999998 None
2046 -210.47711999999999 None
1742 -213.25599999999997 None
2210 -211.59792 None
1647 -211.05424 None
1912 -211.57536 None
2145 -211.12519999999998 None
0175 -209.53768 None
0183 -211.01871999999997 None
1365 -213.4184 None
1675 -212.39496 None
0260 -210.52615999999998 None
0278 -210.50359999999998 None
0164 -212.03823999999997 None
1017 -213.39584 None
1768 -213.29536 None
2444 -211.87624 None
0727 -212.38511999999997 None
1131 -209.36551999999998 None
1153 -211.17352 None
2304 -210.97047999999998 None
1711 -211.70767999999998 None
0509 -211.45615999999998 None
0925 -208.52543999999997 None
1511 -210.18864 None
1613 -212.05496 None
0016 -210.38943999999998 -210.31875866
0323 -209.85119999999998 None
0622 -212.26199999999997 None
1147 -211.07863999999998 None
1945 -212.75696 None
1783 -211.5392 None
0214 -212.50823999999997 None
1801 -213.28552 None
1015 -213.42136 None
2006 -208.67496 None
2212 -211.60479999999998 None
0529 -211.03168 None
1545 -211.75671999999997 None
1952 -213.12016 None
1118 -211.63343999999998 None
1899 -213.41152 None
1503 -212.38511999999997 None
0907 -213.40168 None
1516 -212.38511999999997 None
1390 -211.11479999999997 None
1839 -211.9448 None
0882 -210.63879999999997 None
0156 -211.49455999999998 None
1861 -209.69024 None
0986 -211.02167999999998 None
0605 -212.0604 None
2272 -209.18024 None
0637 -210.10703999999998 None
2021 -209.5632 None
1413 -211.5392 None
2365 -209.87375999999998 None
0004 -210.60023999999999 -210.18912317
0269 -210.52911999999998 None
1949 -211.06647999999998 None
1540 -213.5248 -213.53644325
0601 -211.91528 None
1120 -210.94 None
2075 -210.28223999999997 None
1439 -211.13735999999997 None
2657 -211.54904 None
0930 -210.26943999999997 None
0457 -210.99903999999998 None
1060 -211.56256 None
2533 -213.4184 None
0947 -209.38807999999997 None
2206 -211.5724 None
1692 -211.07927999999998 None
1119 -211.56256 None
0566 -210.65848 None
1483 -211.52648 None
1325 -211.56552 None
1406 -210.74239999999998 None
1040 -212.03527999999997 None
2000 -207.80944 -207.92080822
0780 -210.42824 None
0083 -210.23703999999998 None
1054 -209.6932 None
1347 -212.82783999999998 None
1820 -213.25599999999997 None
1123 -211.63343999999998 None
2222 -210.18576 None
0752 -211.21215999999998 None
2273 -210.29495999999997 None
1267 -212.84375999999997 None
0842 -211.43952 None
1433 -212.3724 None
0143 -212.05808 None
2278 -210.10392 None
2565 -209.72111999999998 None
2220 -210.66832 None
1474 -212.38511999999997 None
1378 -211.92512 None
2606 -211.9448 None
0383 -211.57536 None
1719 -211.76656 None
1720 -213.25599999999997 None
1311 -213.27272 None
0000 -211.40983999999997 -211.56955064
1011 -213.39584 -213.28632247
0552 -211.89255999999997 None
1811 -211.54904 None
2003 -207.95816 None
2005 -208.67791999999997 None
0283 -213.516 -213.57265552
0561 -212.06096 None
0642 -211.42968 None
1900 -213.26296 None
2285 -212.04512 None
1901 -213.31119999999999 None
0081 -211.49455999999998 None
1669 -213.2884 None
0553 -211.88959999999997 None
2227 -210.75215999999998 None
2088 -208.57175999999998 None
1570 -213.03552 None
2230 -209.42648 None
0576 -211.10495999999998 None
0393 -212.39496 None
0112 -211.00199999999998 None
2355 -212.04512 None
2307 -211.02856 None
1510 -211.52936 None
1782 -210.62215999999998 None
1620 -207.9356 None
0108 -210.91744 None
1834 -213.13 None
0724 -211.90239999999997 None
0138 -210.64863999999997 None
1237 -213.24328 -212.98665206
1722 -213.27568 None
1559 -213.26584 None
1368 -212.54064 None
2404 -211.89944 None
2496 -211.60775999999998 None
0331 -211.60799999999998 None
0341 -211.034 None
1754 -209.80272 None
0745 -211.38368 None
1228 -211.11479999999997 None
2254 -209.27872 None
2313 -211.50143999999997 None
0660 -210.51567999999997 None
2361 -211.40112 None
0917 -212.03823999999997 None
0111 -210.03903999999997 None
0250 -212.064 None
2628 -211.76656 None
1960 -212.95095999999998 None
0958 -211.5852 None
0658 -210.53848 None
0504 -210.02336 None
1744 -213.27568 None
0035 -209.20023999999998 None
2058 -210.40615999999997 None
2502 -211.59439999999998 None
1039 -210.57688 None
0754 -211.52936 None
1652 -209.36839999999998 None
1989 -211.56552 None
0173 -209.43352 None
2239 -211.58223999999998 None
0761 -211.45224 None
1984 -213.41152 None
1713 -211.5392 None
1785 -211.54904 None
2443 -211.07927999999998 None
1079 -210.46303999999998 None
0096 -211.48471999999998 None
2600 -211.45224 None
1592 -212.04512 None
2654 -210.61391999999998 None
0978 -211.03439999999998 None
0072 -211.50039999999998 None
0768 -212.0708 None
1726 -211.20232 None
1300 -210.19559999999998 None
0591 -213.24328 None
1739 -211.42968 None
0056 -209.79664 None
1397 -213.30432 None
1338 -210.17592 None
0193 -209.53768 None
0694 -212.24928 None
0811 -211.36847999999998 None
2561 -213.27568 None
0100 -211.49743999999998 None
0664 -211.39352 None
0330 -211.61087999999998 None
1882 -210.80048 None
1480 -212.75696 None
0899 -211.52936 None
2629 -211.93496 None
2250 -210.20832 None
0582 -211.55216 None
1367 -212.25912 None
0919 -210.55872 None
1296 -211.87624 None
2249 -210.04296 None
2143 -210.21128 None
2152 -207.84496 -207.79966129
1465 -211.46751999999998 None
2271 -208.14999999999998 None
2556 -211.71743999999998 None
2648 -213.27568 None
2593 -211.51415999999998 None
0616 -211.92808 None
1885 -212.81807999999998 None
1625 -208.69472 None
2645 -212.91544 None
2027 -207.9356 None
2445 -211.8988 None
1951 -213.13 None
2121 -210.56856 None
1444 -209.9092 None
2550 -213.27568 None
1077 -212.51799999999997 None
2634 -211.70767999999998 None
0845 -213.27272 None
1268 -212.7472 None
1790 -210.59423999999999 None
2514 -210.81032 None
1619 -213.56408 -213.48007774
2389 -209.41663999999997 None
1148 -209.79984 None
1979 -211.91224 None
2613 -211.55888 None
2653 -210.64183999999997 None
1263 -211.51711999999998 None
0763 -213.27864 None
0732 -212.05808 None
0500 -211.50143999999997 None
0827 -211.43887999999998 None
0747 -209.74143999999998 None
2504 -211.922 None
0018 -210.38647999999998 -210.50459644
1370 -209.4296 None
2182 -211.14775999999998 None
0892 -212.03527999999997 None
0326 -211.61383999999998 None
2198 -209.9092 None
2562 -213.02944 None
1814 -211.54904 None
0057 -210.60023999999999 None
0805 -210.64568 None
2412 -210.99552 None
0320 -211.98999999999998 None
0546 -210.68416 None
0502 -211.03104 None
0632 -209.75127999999998 None
1388 -211.87624 None
1609 -213.26584 None
2635 -213.27568 None
0354 -210.26551999999998 None
2309 -212.052 None
0236 -209.54064 None
0844 -213.26584 None
0423 -211.62071999999998 None
2488 -209.416 None
2247 -210.18264 None
0726 -212.39496 None
0796 -211.89944 None
1524 -211.5392 None
2503 -211.57175999999998 None
0398 -211.05424 None
1428 -213.41152 None
0456 -209.54064 None
0525 -211.0444 None
2290 -208.10487999999998 None
0369 -209.57608 None
2107 -207.9356 None
2137 -209.45216 None
1584 -211.88904 None
1057 -210.16008 None
1045 -211.01871999999997 None
1353 -213.26584 None
1657 -210.12751999999998 None
0807 -210.04592 None
0581 -211.60047999999998 None
1032 -210.92728 None
0723 -212.38511999999997 None
0222 -210.68416 None
0703 -211.25063999999998 None
1200 -212.03527999999997 None
2156 -208.16296 None
2211 -211.5852 None
0481 -209.65696 None
2011 -209.78967999999998 None
2584 -211.89944 None
2597 -210.20832 None
2012 -208.99887999999999 None
0680 -211.46208 None
1904 -212.02256 None
0599 -211.88959999999997 None
2330 -212.05792 None
2033 -210.19848 None
2480 -213.42136 None
2150 -210.22104 None
1463 -211.06944 None
1661 -211.07927999999998 None
1073 -210.55584 None
1743 -213.26584 None
2167 -209.43944 None
2620 -213.28552 None
2151 -209.28456 None
1293 -211.11479999999997 None
0535 -210.21432 None
1973 -213.17831999999999 None
2284 -211.03143999999998 None
1112 -209.76415999999998 None
2013 -209.80927999999997 None
2146 -211.13791999999998 None
1892 -213.13296 None
0949 -210.58136 None
0221 -209.54351999999997 None
0459 -211.01871999999997 None
0409 -209.28392 None
1887 -211.22487999999998 None
2244 -209.38807999999997 None
0415 -209.45224 None
2028 -209.73111999999998 None
0036 -210.47032 None
0425 -210.25959999999998 None
0375 -210.04879999999997 None
1735 -213.16848 None
1164 -212.04512 None
2569 -209.62143999999998 None
1957 -212.90264 None
2477 -213.40864 None
1374 -211.4192 None
1003 -210.18264 None
1437 -211.11479999999997 None
0416 -209.44928 None
1188 -209.79968 None
1400 -213.25312 None
0523 -208.9508 None
2085 -208.10487999999998 None
0182 -211.02167999999998 None
1513 -211.92512 None
2173 -210.7748 None
0077 -211.48471999999998 None
0981 -211.5852 None
2552 -213.00984 None
1359 -213.13 None
0082 -211.49455999999998 None
2352 -211.48487999999998 None
1059 -211.93504 None
0010 -210.95376 -211.43068771
0764 -213.28552 None
0199 -212.07088 None
0592 -213.30143999999999 None
0829 -211.61023999999998 None
1902 -213.3988 None
1970 -213.12016 None
0207 -210.68128 None
2203 -210.65848 None
0640 -211.4552 None
0627 -209.75663999999998 None
2328 -213.27568 None
0006 -211.53303999999997 -211.47624126
0914 -213.40864 None
1069 -213.40568 None
1372 -210.07152 None
0361 -210.46728 None
2368 -210.52327999999997 None
1808 -211.76656 None
0190 -209.54351999999997 None
2546 -211.76656 None
0596 -213.25599999999997 None
2472 -213.2884 None
0922 -211.01183999999998 None
0913 -213.40168 None
0781 -208.73023999999998 None
0229 -210.92728 None
1825 -213.27568 None
0391 -212.37527999999998 None
2129 -208.69472 None
1956 -211.48775999999998 None
0939 -210.40463999999997 None
1966 -213.26584 None
0758 -213.26584 None
2481 -213.4184 None
2341 -209.16088 None
1253 -212.38511999999997 None
1251 -211.57536 None
1094 -213.34679999999997 None
2490 -211.08903999999998 None
1847 -210.61391999999998 None
1649 -208.71432 None
0590 -213.25599999999997 None
0751 -211.21511999999998 None
1859 -209.89935999999997 None
0242 -212.02256 None
2402 -210.93712 None
0029 -211.49455999999998 None
1985 -212.04808 None
1401 -212.38511999999997 None
1139 -210.10495999999998 None
0956 -210.1856 None
1617 -213.28552 None
1266 -210.64496 None
1012 -212.04512 None
1176 -213.01351999999997 None
1407 -211.38368 None
2541 -212.0324 None
1501 -212.24928 None
1597 -209.56024 None
0300 -209.27488 None
1256 -213.26584 None
1595 -208.52256 None
1137 -211.50439999999998 None
0621 -211.93496 None
2017 -209.36839999999998 None
0282 -213.52184 None
2317 -208.88279999999997 None
2417 -212.7796 None
1840 -211.22199999999998 None
2015 -208.99591999999998 None
2016 -208.27632 None
2035 -209.78967999999998 None
0163 -212.02551999999997 None
2299 -212.0324 None
0960 -211.90239999999997 None
0995 -212.0324 None
1037 -212.02256 None
1587 -211.70767999999998 None
1665 -211.8988 None
2193 -209.62143999999998 None
2195 -210.20832 None
1817 -211.9448 None
0765 -213.25312 None
1250 -210.19559999999998 None
0731 -212.06792 None
1454 -211.57175999999998 None
2563 -213.29536 None
2596 -211.43952 None
0405 -211.99983999999998 None
0225 -210.91744 None
1320 -211.05664 None
1718 -211.76656 None
1866 -211.10263999999998 None
0912 -213.45983999999999 None
2409 -210.19848 None
0911 -211.57536 None
0507 -211.98711999999998 None
0879 -212.39496 None
2602 -210.40463999999997 None
1087 -211.79224 None
0728 -210.18864 None
1386 -211.11479999999997 None
0213 -212.55648 None
1058 -211.61775999999998 None
0332 -211.93504 None
0721 -211.88959999999997 None
1548 -211.69783999999999 None
1151 -211.75671999999997 None
0718 -210.6812 None
0139 -209.53768 None
2595 -211.21215999999998 None
1937 -211.50439999999998 None
0356 -210.47024 None
1554 -213.27864 None
1714 -211.54904 None
2298 -212.0196 None
2473 -213.28552 None
2407 -211.91224 None
0900 -210.16296 None
1872 -211.19943999999998 None
1447 -211.59496 None
2572 -211.46208 None
1666 -210.21815999999998 None
0585 -211.24767999999997 None
0171 -211.02167999999998 None
0697 -212.39496 None
2226 -210.75215999999998 None
0847 -211.89944 None
2608 -211.93496 None
2002 -207.9356 None
2485 -212.38216 None
1304 -212.38511999999997 None
1823 -213.27568 None
2194 -210.18576 None
1894 -213.12016 None
0407 -209.0792 None
1038 -211.42272 None
1393 -211.57536 None
0372 -211.06696 None
0984 -212.03527999999997 None
1056 -211.52648 None
2007 -208.80408 None
0506 -211.85127999999997 None
1582 -210.52615999999998 None
0943 -211.5724 None
1506 -210.07152 None
0828 -209.72871999999998 None
1818 -211.76656 None
1108 -209.36559999999997 None
1706 -210.6812 None
2111 -208.69176 None
2452 -212.39496 None
1299 -211.12464 None
1126 -210.93712 None
1107 -207.75063999999998 None
1310 -213.32399999999998 None
1555 -212.04808 None
0836 -211.42968 None
1294 -211.11479999999997 None
1761 -211.93496 None
0985 -212.04512 None
0091 -212.55944 None
1499 -213.40864 None
1224 -211.10495999999998 None
0786 -210.07847999999998 None
0461 -210.40615999999997 None
2228 -209.71287999999998 None
0659 -210.54832 None
0267 -212.03823999999997 None
2633 -211.54904 None
2333 -212.05496 None
2135 -209.76111999999998 None
0884 -210.15607999999997 None
1943 -213.16848 None
2623 -213.29536 None
1247 -208.97647999999998 None
1553 -211.12815999999998 None
2573 -210.5128 None
2302 -212.052 None
2437 -211.44176 None
0484 -209.97127999999998 None
0066 -210.95087999999998 None
0702 -209.89935999999997 None
0874 -211.53632 None
2236 -211.5724 None
0853 -212.02192 None
1705 -210.52264 None
1653 -210.65848 None
1694 -211.12464 None
2040 -209.78671999999997 None
0447 -208.9508 None
2568 -210.59423999999999 None
1222 -210.16608 None
0865 -211.89255999999997 None
2232 -211.22199999999998 None
0128 -212.52784 None
0293 -212.05496 None
0192 -210.64863999999997 None
2430 -213.13984 None
1029 -209.56024 None
2163 -208.61311999999998 None
0830 -211.56199999999998 None
1383 -211.50439999999998 None
0511 -209.41384 None
2449 -210.21815999999998 None
0177 -210.91456 None
0201 -212.0324 None
0565 -211.05424 None
2369 -211.51415999999998 None
1734 -211.43952 None
1976 -211.93496 None
2209 -209.63119999999998 None
1076 -211.00887999999998 None
0462 -209.53768 None
2189 -210.66832 None
1464 -210.07152 None
0410 -209.29376 None
1297 -208.97647999999998 None
0493 -211.88959999999997 None
1284 -213.12016 None
2208 -211.05424 None
2612 -212.92528 None
1047 -211.00887999999998 None
1326 -211.58808 None
1537 -213.24623999999997 None
1389 -208.97647999999998 None
2587 -212.06792 None
1851 -213.27568 None
2320 -211.02056 None
1423 -213.12016 None
0776 -212.38511999999997 None
1168 -212.0324 None
1005 -211.89944 None
0699 -211.11479999999997 None
2219 -210.65848 None
0603 -212.05808 None
2024 -209.04368 None
0873 -211.5392 None
0750 -210.20832 None
1192 -211.47503999999998 None
0198 -210.92728 None
0167 -212.51111999999998 None
2423 -213.29824 None
1102 -207.91304 -208.27789427
1083 -209.7772 None
1010 -213.40864 None
2516 -210.61927999999997 None
1514 -212.03823999999997 None
1765 -213.27568 None
0815 -211.56495999999999 None
0516 -209.28472 -208.39463962
0951 -210.65848 None
2080 -209.86095999999998 None
2202 -210.65848 None
2214 -211.06408 None
2218 -208.71432 None
2270 -210.65552 None
1983 -213.42136 None
1777 -210.20832 None
2624 -211.95463999999998 None
0681 -213.27568 None
1538 -213.24623999999997 None
2493 -209.38807999999997 None
1354 -213.2884 None
0364 -210.5744 None
1663 -210.19848 None
1082 -211.05607999999998 None
0486 -211.92808 None
1335 -211.61023999999998 None
2215 -209.89935999999997 None
0583 -210.18576 None
2351 -211.44928 None
0678 -213.26296 None
0631 -209.72871999999998 None
1092 -212.02551999999997 None
0265 -211.04976 None
0777 -212.38511999999997 None
2188 -210.21815999999998 None
0438 -209.54064 None
0119 -210.64863999999997 None
0380 -210.13976 None
2338 -213.02336 None
1812 -210.19848 None
1231 -211.56256 None
2378 -211.59792 None
2478 -213.15256 None
2535 -212.25912 None
1191 -211.43952 None
1066 -211.5724 None
1776 -209.80272 None
0935 -211.59792 None
0158 -211.49455999999998 None
0118 -210.14039999999997 None
0779 -210.4184 None
1213 -209.79288 None
2467 -212.76976 None
2603 -211.5392 None
1926 -210.45728 None
2165 -209.62143999999998 None
1470 -211.92512 None
0850 -212.06792 None
0696 -212.39496 None
1936 -211.02167999999998 None
1733 -211.5392 None
1646 -210.65848 None
1197 -212.03527999999997 None
1382 -212.38511999999997 None
1145 -208.97647999999998 None
1905 -212.24928 None
1509 -211.52936 None
1050 -211.50439999999998 None
1974 -213.26584 None
1932 -212.11615999999998 None
2631 -210.61391999999998 None
0420 -211.61383999999998 None
1298 -211.11479999999997 None
0614 -210.54832 None
1696 -211.90239999999997 None
0743 -211.0444 None
1821 -213.27568 None
1542 -211.58808 None
0918 -212.03527999999997 None
2030 -208.71432 None
2356 -211.9448 None
0191 -210.68416 None
1128 -210.23407999999998 None
2235 -211.12519999999998 None
2066 -208.43112 None
1572 -213.26584 None
2373 -211.87624 None
0653 -210.19848 None
0468 -211.49159999999998 None
0249 -210.50943999999998 None
1660 -211.07927999999998 None
0570 -212.39496 None
0124 -212.0324 None
0294 -208.57175999999998 None
1157 -213.25312 None
1577 -210.18864 None
1210 -209.89944 None
1140 -208.86023999999998 None
2032 -209.9092 None
1312 -212.39496 None
0106 -209.54064 None
1227 -211.10495999999998 None
1693 -211.08903999999998 None
2610 -213.1624 None
1729 -212.89288 None
1599 -209.87079999999997 None
0722 -212.37527999999998 None
2057 -211.51415999999998 None
1500 -211.57536 None
1773 -211.22487999999998 None
0775 -212.24928 None
0258 -209.54351999999997 None
0441 -211.50439999999998 None
2661 -212.96079999999998 None
1530 -212.39496 None
1875 -211.5724 None
0314 -211.49455999999998 None
1324 -209.89935999999997 None
1629 -209.62143999999998 None
1477 -211.42911999999998 None
1431 -212.24928 None
0305 -210.14335999999997 None
0114 -211.02167999999998 None
0901 -211.62367999999998 None
0773 -210.66135999999997 None
2434 -212.26888 None
0064 -210.95087999999998 None
0418 -209.65696 None
0644 -210.26191999999998 None
0366 -210.54896 None
0641 -211.4424 None
2560 -210.54288 None
1930 -212.04808 None
1708 -210.19848 None
1110 -208.69176 None
1105 -209.77944 None
0757 -213.27864 None
1130 -210.52327999999997 None
0997 -212.51799999999997 None
0608 -212.22959999999998 None
1596 -210.20832 None
2286 -212.05792 None
2519 -212.82783999999998 None
2243 -209.59279999999998 None
2319 -210.39192 None
2154 -208.95672 None
1948 -211.56199999999998 None
1922 -210.27239999999998 None
1862 -209.40391999999997 None
1342 -210.75215999999998 None
1670 -213.27568 None
0104 -209.4364 None
1860 -209.36559999999997 None
0962 -213.39192 None
0075 -211.49743999999998 None
1364 -213.42136 None
2297 -212.04512 None
0123 -212.03527999999997 None
1205 -211.98711999999998 None
1849 -213.18815999999998 None
0061 -210.59431999999998 None
0933 -210.39487999999997 None
0778 -209.93568 None
0808 -210.99552 None
0472 -207.36559999999997 -207.42072997
1730 -212.95095999999998 None
2484 -212.52784 None
2139 -208.54512 None
0737 -212.37527999999998 None
2621 -213.13984 None
1688 -210.5128 None
1358 -213.17831999999999 None
1844 -211.44928 None
2168 -209.63415999999998 None
0411 -208.50287999999998 None
1925 -211.57536 None
0628 -209.96135999999998 None
2260 -211.22487999999998 None
0990 -212.02551999999997 None
2037 -211.5852 None
2385 -212.39496 None
2614 -211.24455999999998 None
1598 -209.91912 None
1788 -211.9448 -211.98489736
1233 -212.37527999999998 None
1356 -213.26296 None
2132 -209.45216 None
2383 -213.26296 None
1908 -209.40679999999998 None
1184 -210.74176 None
1209 -208.10775999999998 None
1000 -209.71576 -209.87931606
0142 -212.02551999999997 None
0898 -211.57768 None
0993 -212.51799999999997 None
2275 -210.26943999999997 None
0025 -210.50359999999998 None
0259 -210.50359999999998 None
1452 -211.90239999999997 None
1977 -212.0708 None
0475 -209.59823999999998 None
2422 -211.15759999999997 None
1880 -210.60943999999998 None
2393 -211.07927999999998 None
0538 -211.91824 None
1539 -213.52775999999997 -213.55106238
2238 -211.5852 None
1306 -213.26584 None
0693 -210.6712 None
0756 -213.24623999999997 None
1813 -211.5392 None
0826 -211.11479999999997 None
2406 -211.56199999999998 None
1422 -213.16848 None
2510 -211.44176 None
0858 -210.19848 None
0238 -210.64568 None
0530 -211.00887999999998 None
1376 -211.52936 None
1028 -210.17576 None
0047 -205.84831999999997 -206.26515473
0682 -213.2884 None
1442 -209.42368 None
0352 -208.71743999999998 None
0797 -211.91224 None
2567 -209.80272 None
0800 -211.29672 None
0008 -211.53008 -211.60239723
1116 -211.61383999999998 None
2529 -213.40864 None
1508 -211.4192 None
0317 -211.49455999999998 None
2517 -212.7796 None
1924 -211.59792 None
2576 -211.12464 None
0623 -212.25215999999998 None
0966 -212.04808 None
2439 -211.93496 None
1051 -211.50439999999998 None
2191 -209.89935999999997 None
2410 -210.69104 None
2104 -210.97047999999998 None
1053 -212.51799999999997 -212.57635343
0388 -211.89944 None
1854 -209.0792 None
2386 -213.27568 None
1129 -210.52615999999998 None
1362 -213.13984 None
0887 -212.02839999999998 None
1822 -213.27568 -213.29343223
0793 -211.88672 None
1643 -211.5724 None
1550 -212.03527999999997 None
0027 -211.49455999999998 None
1202 -211.00887999999998 None
0329 -211.93792 None
1815 -209.8224 None
1412 -212.7472 None
1048 -211.03143999999998 None
0288 -210.54871999999997 None
0165 -212.03527999999997 None
2461 -211.51415999999998 None
2499 -210.94696 None
0490 -210.92728 None
0080 -211.49455999999998 None
1752 -211.70767999999998 None
1535 -213.01592 None
1527 -211.93496 None
2204 -209.62143999999998 None
1046 -209.56024 None
2197 -209.89935999999997 None
0753 -211.52936 None
0514 -209.42368 None
2116 -210.19559999999998 None
2464 -210.63199999999998 None
0838 -213.26584 None
2056 -211.51415999999998 None
1784 -211.93496 None
0276 -213.54736 None
2120 -211.01871999999997 None
1275 -213.30432 None
2134 -209.73855999999998 None
0920 -212.43344 None
1798 -213.1624 None
0868 -211.89944 None
1346 -212.7796 None
1848 -212.96079999999998 None
0671 -211.22199999999998 None
0832 -211.26047999999997 None
2106 -207.90712 None
0281 -213.61264 -213.60633498
0544 -212.25215999999998 None
0087 -212.06104 None
1357 -212.05792 None
0335 -212.4236 None
2026 -209.35255999999998 None
1543 -210.94 None
2316 -212.0324 None
1749 -211.92512 None
1914 -209.62431999999998 None
0883 -210.63592 None
1687 -209.9092 None
2649 -213.27568 None
0217 -210.99615999999997 None
2528 -213.14272 None
1552 -210.63592 None
2637 -213.27568 None
0862 -211.21215999999998 None
0562 -212.0708 None
2022 -207.65696 None
0955 -211.55192 None
1504 -209.4296 None
2127 -210.97047999999998 None
2397 -209.7256 None
0625 -211.01119999999997 None
0474 -209.28392 None
0220 -210.10415999999998 None
0017 -210.38647999999998 -210.30644115
2172 -210.79736 None
0706 -211.24767999999997 None
1759 -211.77632 None
0026 -211.49743999999998 None
0090 -211.00199999999998 None
0528 -211.04144 None
0787 -210.56408 None
1363 -213.18815999999998 None
2474 -213.26296 None
1518 -209.43944 None
0162 -212.02839999999998 None
0573 -211.37143999999998 None
2178 -211.24751999999998 None
1797 -213.15256 None
0665 -211.40336 None
2611 -212.91248 None
2118 -209.53768 None
1746 -213.26584 None
2566 -210.62215999999998 None
1529 -212.04512 None
1303 -212.38511999999997 None
0857 -212.38511999999997 None
0769 -212.06792 None
0662 -211.07927999999998 None
1146 -211.05607999999998 None
1673 -213.27568 None
0948 -210.55872 None
0071 -211.49743999999998 None
1920 -210.23407999999998 None
0039 -210.46439999999998 None
0742 -210.67136 None
1446 -211.59792 None
1639 -210.0912 None
2512 -211.93496 None
0062 -210.50359999999998 None
0107 -210.92039999999997 None
0667 -211.56199999999998 None
0927 -209.7256 None
1292 -210.17592 None
1262 -212.39496 None
1182 -210.70623999999998 None
1286 -213.40168 None
0392 -212.39783999999997 None
0890 -212.52095999999997 None
1183 -210.75456 None
0117 -210.10783999999998 None
2123 -211.01871999999997 None
1969 -211.90239999999997 None
2089 -208.97335999999999 None
1026 -208.6976 None
0032 -212.48551999999998 None
1149 -211.11535999999998 None
0413 -209.82551999999998 None
1319 -211.12751999999998 None
1375 -211.52936 None
2257 -210.82304 None
2263 -210.16296 None
0255 -213.61847999999998 -213.62335315
2431 -213.4312 None
0861 -211.21511999999998 None
2241 -210.64568 None
1429 -213.40864 None
2325 -211.76656 None
1248 -211.11479999999997 None
2031 -209.91215999999997 None
1891 -213.11031999999997 None
0557 -211.89944 None
1438 -211.08903999999998 None
1350 -210.99167999999997 None
2091 -209.53768 None
2354 -211.94768 None
0337 -212.3724 None
2303 -211.51128 None
0663 -211.07927999999998 None
0789 -210.4312 None
0488 -211.88959999999997 None
1838 -213.27568 None
1436 -209.45159999999998 None
1934 -212.04512 None
1684 -211.08903999999998 None
1411 -212.81807999999998 None
1853 -209.4296 None
1479 -212.85359999999997 None
2451 -211.59496 None
1339 -210.6812 None
1700 -211.90928 None
0292 -212.06079999999997 None
2521 -210.94632 None
2343 -210.72879999999998 None
0343 -212.90632 None
0588 -211.41984 None
1919 -210.09416 None
0492 -211.93504 None
0184 -210.99615999999997 None
0169 -212.5308 None
2314 -210.97047999999998 None
1796 -211.47191999999998 None
2391 -209.40615999999997 None
0365 -210.57152 None
1871 -211.57536 None
2394 -211.07927999999998 None
1115 -209.94768 None
0579 -211.42911999999998 None
1097 -212.77048 None
0078 -211.49455999999998 None
0683 -213.29536 None
1697 -211.91224 None
1676 -212.39496 None
0597 -213.26296 None
2559 -210.21815999999998 None
0277 -213.54152 -213.57124802
0136 -209.54351999999997 None
0363 -210.55184 None
1492 -213.16848 None
2038 -211.5852 None
0209 -212.05808 None
1594 -210.93712 None
2112 -208.71743999999998 None
1234 -213.29448 None
1741 -213.26584 None
2396 -209.37823999999998 None
0646 -211.4552 None
1623 -209.89935999999997 None
1971 -213.25599999999997 None
0982 -211.62071999999998 None
0725 -211.89944 None
1134 -210.40911999999997 None
2457 -212.39496 None
1023 -211.03143999999998 None
2421 -211.24455999999998 None
1802 -213.29536 None
1630 -209.63119999999998 None
1395 -212.38511999999997 None
2495 -209.93176 None
0134 -210.10711999999998 None
0271 -210.52327999999997 None
1689 -210.69104 None
2390 -210.10415999999998 None
1750 -211.5392 None
0303 -211.36159999999998 None
1265 -211.41928 None
1791 -212.93504 None
1080 -210.46303999999998 None
2117 -210.23111999999998 None
0246 -212.03527999999997 None
2142 -210.21128 None
0084 -210.68712 None
1685 -211.07927999999998 None
0157 -211.49455999999998 None
0921 -212.38511999999997 None
1337 -211.89944 None
2441 -210.19848 None
1132 -211.03168 None
0998 -211.01871999999997 None
2337 -211.51415999999998 None
2619 -213.15256 None
1366 -211.5724 None
1103 -209.0792 None
2605 -211.54904 None
1232 -212.37527999999998 None
1385 -211.11479999999997 None
2590 -212.08064 None
1230 -211.56552 None
1931 -212.06792 None
0473 -209.28392 None
2041 -211.5852 None
0533 -210.10495999999998 None
2185 -211.13503999999998 None
0749 -211.57471999999999 None
1566 -212.02256 None
2200 -210.09416 None
1450 -211.61023999999998 None
1651 -210.20832 None
1269 -212.79543999999999 None
1648 -211.06408 None
1641 -211.5852 None
2399 -211.59792 None
2141 -209.92191999999997 None
0905 -211.56552 None
2067 -208.62287999999998 None
1081 -211.1044 None
1133 -211.05424 None
0319 -211.98015999999998 None
1686 -211.12464 None
0094 -212.55648 None
0454 -210.92432 None
0355 -210.26255999999998 None
2640 -213.14272 None
0022 -210.97632 None
0313 -210.99903999999998 None
1008 -213.38896 None
2248 -210.16008 None
0345 -212.85799999999998 None
0848 -211.92512 None
1827 -210.61391999999998 None
0860 -211.25063999999998 None
1150 -211.11247999999998 None
0089 -212.07088 None
0178 -210.92728 None
2171 -208.69472 None
1876 -210.14039999999997 None
0666 -209.75127999999998 None
2380 -212.39496 None
2331 -213.29536 None
2287 -212.05496 None
1809 -211.70767999999998 None
2092 -209.53768 None
0654 -209.01799999999997 None
0103 -211.49455999999998 None
0243 -212.05519999999999 None
1898 -213.40168 None
2036 -211.61064 -211.5602757
1603 -210.54584 None
2507 -210.70087999999998 None
2497 -211.60479999999998 None
0452 -210.43184 None
1443 -209.71287999999998 None
1223 -211.10495999999998 None
0785 -210.08136 None
2161 -209.42648 None
0181 -210.99903999999998 None
1086 -211.79224 None
2483 -212.25912 None
1114 -210.46728 None
0050 -208.176 None
0686 -211.93496 None
0135 -210.10415999999998 None
2349 -209.82224 None
0044 -211.5272 None
0974 -212.04512 None
2525 -213.27272 None
2130 -209.36839999999998 None
1709 -210.19848 None
0051 -208.17304 None
1561 -213.26584 None
0575 -211.0444 None
1528 -212.04808 None
0291 -210.54871999999997 None
1288 -211.56552 None
2463 -211.39352 None
0817 -211.52648 None
1874 -211.56256 None
0578 -211.41928 None
0967 -211.59792 None
1421 -212.04808 None
1061 -213.43728 None
2213 -211.5724 None
2589 -211.12464 None
2115 -210.19848 None
0403 -211.51711999999998 None
2187 -211.60479999999998 None
0980 -212.5308 None
0101 -211.49455999999998 None
0647 -211.46208 None
1308 -213.25312 None
0870 -210.69104 None
0290 -209.56024 None
2398 -209.92191999999997 None
1987 -211.11831999999998 None
1482 -212.80527999999998 None
2604 -211.93496 None
0748 -211.55216 None
1473 -212.03527999999997 None
0559 -212.38511999999997 None
2109 -209.32999999999998 None
1072 -212.0324 None
2627 -210.19848 None
1637 -211.5852 None
2586 -211.07927999999998 None
2153 -208.97928 None
2364 -208.88279999999997 None
2558 -209.89335999999997 None
0270 -212.03527999999997 None
0160 -210.65159999999997 None
2536 -212.52784 None
0358 -210.26255999999998 None
1055 -211.57471999999999 None
0856 -212.38511999999997 None
2126 -210.59751999999997 None
0397 -210.99847999999997 None
0494 -211.89656 None
2384 -213.27568 None
2283 -212.06792 None
0577 -211.10495999999998 None
0235 -210.10127999999997 None
2518 -212.75696 None
1841 -209.74079999999998 None
1677 -212.39496 None
0574 -210.67136 None
1211 -209.85119999999998 None
0231 -212.03823999999997 None
2475 -212.04512 None
0204 -211.49159999999998 None
2418 -212.7796 None
1886 -212.7472 None
0626 -209.75663999999998 None
0513 -209.32016 None
0825 -211.13135999999997 None
1893 -213.14272 None
2047 -210.47711999999999 None
0866 -211.88959999999997 None
0400 -212.89039999999997 None
0350 -208.40848 None
0818 -211.56199999999998 None
0762 -213.26584 None
0060 -209.79376 None
1816 -211.93496 None
2010 -209.78967999999998 None
1786 -211.5392 None
1863 -211.09279999999998 None
0708 -211.92512 None
2387 -213.29536 None
1430 -211.56256 None
0264 -212.05808 None
1771 -209.72111999999998 None
0223 -210.64863999999997 None
0445 -208.67216 None
2498 -211.58223999999998 None
2196 -207.9356 None
2570 -209.89935999999997 None
0262 -211.09807999999998 None
1662 -211.08903999999998 None
1707 -211.51415999999998 None
0795 -210.44104 None
1883 -212.79543999999999 None
0076 -210.10783999999998 None
0211 -212.06792 None
0880 -212.392 None
1159 -211.17056 None
1699 -212.08064 None
2460 -212.4048 None
0234 -211.49159999999998 None
1627 -210.20832 None
2647 -213.27568 None
0766 -211.91224 None
1681 -208.95608 None
1440 -211.06647999999998 -211.06746803
0970 -213.4312 None
0440 -211.53696 None
1953 -211.92512 None
1127 -210.23407999999998 None
0689 -212.07768 None
0498 -211.35871999999998 None
1806 -211.95463999999998 None
0466 -211.51415999999998 None
2179 -211.24455999999998 None
2053 -210.12751999999998 None
0144 -210.92728 None
0945 -210.17576 None
0202 -211.49455999999998 None
2388 -212.4048 None
0813 -210.6812 None
1289 -212.23943999999997 None
2377 -210.21815999999998 None
2279 -210.10103999999998 None
1462 -209.4296 None
0373 -211.05712 None
0701 -210.19848 None
0149 -211.49455999999998 None
0308 -211.84727999999998 None
2004 -207.16448 None
1793 -212.91248 None
1601 -210.20832 None
1424 -213.40168 None
2358 -212.04512 None
1478 -210.6548 None
0774 -212.23943999999997 None
2424 -213.29536 None
0994 -212.03527999999997 None
1533 -213.24623999999997 None
1415 -211.21215999999998 None
2216 -210.76783999999998 None
0141 -212.064 None
1460 -211.03143999999998 None
0876 -210.56408 None
1755 -211.5392 None
2469 -210.94632 None
2638 -213.29536 None
0549 -210.18864 None
0794 -211.28688 None
0685 -211.922 None
2575 -211.08903999999998 None
0803 -211.05128 None
0179 -210.92432 None
0820 -212.23943999999997 None
0401 -212.88055999999997 None
1721 -213.27568 None
0676 -213.2884 None
0450 -210.91744 None
2293 -209.55736 None
0339 -211.00887999999998 None
1361 -213.40864 None
0634 -209.90231999999997 None
1644 -210.76495999999997 None
2025 -209.32999999999998 None
2100 -208.57175999999998 None
0690 -210.21815999999998 None
0465 -211.48175999999998 None
1175 -213.01351999999997 None
2029 -209.75367999999997 None
1672 -213.26296 None
0733 -211.05424 None
2594 -210.6812 None
1836 -213.27568 None
1006 -211.89944 None
1219 -211.50727999999998 None
0746 -211.39352 None
0952 -210.65848 None
0378 -209.32016 None
1174 -212.73199999999997 None
0532 -210.13752 None
0307 -211.53008 -211.86626165
0189 -210.10415999999998 None
1469 -210.18864 None
0713 -211.89944 None
0359 -210.25959999999998 None
1562 -213.26584 None
2660 -213.18815999999998 None
0127 -212.5308 None
1249 -211.12464 None
2511 -211.5392 None
1712 -211.70767999999998 None
2414 -211.40336 None
0298 -213.56704 -213.5761969
0755 -211.4424 None
0426 -211.62071999999998 None
2148 -211.13791999999998 None
0720 -211.89255999999997 None
0478 -210.17535999999998 None
1180 -209.11471999999998 None
1472 -212.03823999999997 None
1252 -211.5724 None
1379 -211.92512 None
0926 -209.70304 None
1852 -208.93408 None
1030 -210.4416 None
0172 -211.49455999999998 None
2181 -210.1856 None
1615 -213.00688 None
0821 -212.37527999999998 None
0146 -212.03823999999997 None
2061 -207.80944 None
1656 -211.05424 None
0607 -210.63879999999997 None
1556 -213.03552 None
2225 -211.05424 None
2656 -211.22199999999998 None
2326 -211.76656 None
2251 -211.05128 None
0024 -210.50647999999998 None
2636 -213.27568 None
1226 -211.8664 None
0344 -212.86783999999997 None
2617 -213.29536 None
0296 -210.54288 None
2336 -212.75456 None
1261 -213.27272 None
1243 -211.11479999999997 None
1557 -212.98728 None
1621 -209.62143999999998 None
2360 -211.03143999999998 None
2622 -213.28552 None
1938 -211.55216 None
0386 -211.57536 None
0909 -213.44711999999998 None
0729 -212.06096 None
1962 -211.5392 None
1280 -213.15864 None
1049 -210.40911999999997 None
2585 -211.51415999999998 None
2266 -211.59792 None
2650 -213.27568 None
1172 -211.51711999999998 None
0938 -210.57688 None
0849 -212.0708 None
1981 -211.5852 None
1756 -211.54904 None
0545 -212.24239999999998 None
0099 -211.49455999999998 None
1728 -212.90264 None
0695 -212.25912 None
1340 -211.02167999999998 None
2436 -212.392 None
0469 -210.89183999999997 None
0166 -211.02455999999998 None
1716 -211.93496 None
1106 -209.73111999999998 None
2411 -211.01871999999997 None
2258 -209.92191999999997 None
2125 -210.14736 None
0963 -213.42432 None
0893 -212.5308 None
0872 -211.57471999999999 None
1659 -211.07927999999998 None
1760 -211.93496 None
1043 -212.02256 None
1698 -212.0708 None
1274 -211.10263999999998 None
2537 -212.39496 None
0322 -209.41384 None
2068 -208.67496 None
1988 -211.56552 None
0063 -210.49775999999997 None
1111 -209.76703999999998 None
0638 -210.25207999999998 None
1608 -213.26584 None
2124 -211.01575999999997 None
2427 -213.15256 None
1124 -211.58223999999998 None
1946 -212.80527999999998 None
2405 -211.58455999999998 None
2347 -209.69256 None
0816 -211.52936 None
1781 -211.43952 None
2205 -211.59792 None
1078 -208.95391999999998 None
1441 -210.44104 None
0005 -210.59727999999998 -210.21455439
1846 -211.54904 None
1096 -210.56871999999998 None
1965 -213.25599999999997 None
0798 -211.91912 None
1494 -213.40168 None
2045 -210.54584 None
1959 -213.27568 None
1330 -211.60047999999998 None
1333 -211.88959999999997 None
2646 -212.90264 None
1769 -211.9448 None
1410 -212.76976 None
0674 -211.45224 None
0610 -212.37527999999998 None
0957 -211.58808 None
0394 -212.3724 None
0983 -210.44456 None
2052 -211.18656 None
2119 -210.57152 None
1710 -210.19848 None
2500 -211.58455999999998 None
0150 -211.49455999999998 None
0297 -213.57288 -213.60431957
0501 -209.57023999999998 None
0408 -209.0792 None
0691 -212.02192 None
1138 -211.50439999999998 None
1369 -212.38216 None
1377 -210.18864 None
0791 -211.91224 None
1929 -212.03823999999997 None
2448 -211.08903999999998 None
2122 -210.546 None
0784 -209.59279999999998 None
0059 -210.59431999999998 None
1484 -210.98183999999998 None
1807 -211.70767999999998 None
0446 -209.16464 None
1016 -213.42824 -213.2564374
1671 -211.59496 None
2329 -213.27568 None
2618 -213.28552 None
2229 -209.9092 None
1571 -212.98728 None
0908 -213.38896 None
1910 -211.20232 None
2174 -210.7748 None
0453 -210.42888 None
1387 -211.92455999999999 None
0987 -210.1532 None
1318 -211.07927999999998 None
0499 -211.50439999999998 None
2362 -211.50143999999997 None
0692 -212.04448 None
2014 -209.76415999999998 None
0906 -213.44016 None
0042 -211.49455999999998 None
0687 -211.93496 None
2538 -211.44176 None
0633 -208.73999999999998 None
2508 -211.02856 None
1235 -213.25599999999997 None
1578 -209.54064 None
1488 -213.26584 None
0657 -209.19312 None
1344 -210.67736 None
2183 -211.59496 None
0110 -210.92728 None
0802 -211.05424 None
2176 -209.93176 None
0349 -211.98999999999998 None
2335 -212.73199999999997 None
1918 -211.20232 None
0304 -211.36159999999998 None
2060 -207.62071999999998 None
1495 -213.3988 None
1828 -212.91544 None
0739 -212.38511999999997 None
0705 -211.21215999999998 None
0717 -210.18864 None
1606 -212.03527999999997 None
1602 -210.54871999999997 None
0894 -212.52095999999997 None
1287 -213.3988 None
2375 -211.07927999999998 None
1805 -213.29536 None
2059 -207.49455999999998 None
1276 -213.25599999999997 None
2544 -211.9448 None
1225 -211.91472 None
1165 -211.80208 None
0028 -211.49455999999998 None
1588 -211.70767999999998 None
1658 -208.88279999999997 None
0537 -210.67432 None
2400 -211.59496 None
1519 -211.07927999999998 None
0338 -212.42064 None
1331 -211.55216 None
0070 -211.48767999999998 None
0097 -210.10783999999998 None
1194 -211.97343999999998 None
0120 -210.64568 None
1466 -211.4192 None
0309 -211.85711999999998 None
0137 -210.68416 None
0971 -213.3988 None
1160 -213.25312 None
2379 -211.59496 None
1731 -211.21215999999998 None
2192 -210.06864 None
0417 -209.65696 None
0736 -210.5128 None
0455 -210.91456 None
0792 -211.89944 None
0944 -210.58664 None
1384 -210.17592 None
2359 -212.04224 None
0009 -211.53008 -211.60375062
2043 -211.60479999999998 None
0115 -210.99903999999998 None
2630 -211.9448 None
0444 -208.57775999999998 None
1857 -210.80048 None
0688 -212.08064 None
0888 -212.02551999999997 None
1417 -213.25599999999997 None
2155 -208.95672 None
1758 -211.76656 None
0421 -211.58808 None
2128 -208.52543999999997 None
0619 -212.25215999999998 None
1238 -212.37527999999998 None
2642 -211.46208 None
2217 -210.76495999999997 None
0483 -209.97127999999998 None
1551 -211.8664 None
1667 -211.59792 None
1158 -212.04808 None
0333 -211.9252 None
0113 -211.02455999999998 None
2282 -212.09047999999999 None
2166 -209.462 None
0512 -209.32999999999998 None
1845 -211.9448 None
2432 -213.42824 None
1576 -208.50287999999998 None
2110 -209.38815999999997 None
1171 -212.74471999999997 None
2149 -211.15759999999997 None
1089 -213.25599999999997 None
0740 -212.38511999999997 None
0555 -212.38511999999997 None
1911 -211.42968 None
0389 -211.88959999999997 None
0328 -211.92808 None
0679 -211.91224 None
2265 -211.5852 None
2494 -209.73543999999998 None
1162 -213.27272 None
0299 -213.56119999999999 -213.54847705
0934 -211.56552 None
0095 -210.99903999999998 None
0404 -211.85415999999998 None
0712 -211.90239999999997 None
0422 -211.57536 None
2292 -210.07847999999998 None
2186 -211.60775999999998 None
1187 -209.79 None
2237 -211.11247999999998 None
1221 -210.97343999999998 None
2077 -210.4544 None
1461 -210.99552 None
0851 -210.19559999999998 None
1935 -211.05424 None
1093 -213.25016 None
0738 -212.39496 None
1041 -212.04808 None
2626 -211.76656 None
2312 -210.88887999999997 None
0437 -210.6812 None
1371 -211.06944 None
1865 -211.12519999999998 None
1907 -212.51799999999997 None
0810 -211.36847999999998 None
0159 -210.14335999999997 None
1573 -213.26584 None
1301 -211.57536 None
1994 -213.25599999999997 None
1345 -212.80527999999998 None
1635 -211.59792 None
0203 -211.49455999999998 None
0878 -212.38216 None
1088 -213.35263999999998 None
2296 -211.50143999999997 None
1044 -211.43256 None
0384 -211.89255999999997 None
2438 -211.5392 None
1155 -213.27864 None
0280 -210.49775999999997 None
0019 -210.38647999999998 -210.50559213
0936 -211.5852 None
2392 -211.10183999999998 None
1214 -209.26199999999997 None
0085 -210.68416 None
2018 -209.39103999999998 None
0311 -209.23935999999998 None
0268 -212.0324 None
0147 -212.0324 None
2138 -209.462 None
1763 -213.27568 None
2548 -213.00984 None
0489 -211.93504 None
0895 -211.02167999999998 None
1199 -211.97055999999998 None
2545 -212.04224 None
1897 -213.26584 None
0003 -209.33303999999998 -209.22186356
0606 -212.01208 None
0227 -212.02551999999997 None
1185 -209.70839999999998 None
0527 -211.00887999999998 None
1819 -211.93496 None
0385 -211.90239999999997 None
0843 -213.32399999999998 None
0244 -210.92432 None
1600 -210.20832 None
2492 -210.4508 None
1198 -211.92224 None
2542 -211.45159999999998 None
0254 -213.57312 -213.61689966
1459 -210.69104 None
1070 -213.44415999999998 None
2522 -211.23471999999998 None
1486 -211.11247999999998 None
0915 -213.44711999999998 None
1152 -211.75671999999997 None
0467 -211.50439999999998 None
1170 -212.72215999999997 None
0505 -211.84143999999998 None
2616 -213.28552 None
1549 -211.69783999999999 None
0154 -211.49455999999998 None
0991 -212.02256 None
2440 -212.0324 None
1404 -212.39496 None
0645 -211.4424 None
1638 -210.76783999999998 None
0379 -209.81568 None
1381 -212.03527999999997 None
0432 -211.0444 None
1332 -211.89255999999997 None
0928 -208.71432 None
0030 -210.97632 None
1035 -212.04808 None
1396 -212.38511999999997 None
1762 -213.25599999999997 None
1109 -209.38815999999997 None
2093 -210.54871999999997 None
2419 -211.55888 None
1257 -213.31119999999999 None
0508 -211.98711999999998 None
0968 -213.41152 None
1104 -209.0792 None
2580 -209.9092 None
0357 -210.48008 None
1992 -212.99015999999997 None
0716 -210.50295999999997 None
2159 -208.31472 None
1913 -211.00887999999998 None
0368 -209.36839999999998 None
2086 -208.6692 None
2371 -211.07927999999998 None
2281 -212.09336 None
0342 -211.03168 None
0224 -209.53768 None
2539 -211.5392 None
1314 -209.39407999999997 None
0131 -211.49159999999998 None
1668 -213.25599999999997 None
1829 -212.90264 None
1295 -211.92455999999999 None
1201 -212.0324 None
0289 -211.07232 None
1558 -213.26584 None
0336 -212.37527999999998 None
1207 -208.96663999999998 None
0021 -210.95376 None
2571 -211.23471999999998 None
1682 -209.62143999999998 None
1307 -213.31119999999999 None
1810 -211.5392 None
1166 -211.80208 None
0942 -211.60479999999998 None
2140 -209.92487999999997 None
0052 -208.53248 None
1954 -211.11479999999997 None
0672 -211.5392 None
1426 -213.13 None
1327 -211.5852 None
0837 -213.30432 None
0903 -211.93792 None
1193 -210.44456 None
2223 -210.20832 None
0558 -212.39496 None
1380 -212.03823999999997 None
1024 -212.52784 None
0959 -211.90239999999997 None
0370 -209.86391999999998 None
0093 -212.50823999999997 None
0302 -211.03456 None
1896 -213.31416 None
1190 -211.4424 None
0560 -210.18864 None
0594 -211.42968 None
1013 -211.59496 None
2280 -209.56024 None
0972 -212.05792 None
0801 -210.6812 None
1239 -213.31416 None
0041 -211.53008 None
1027 -210.1532 None
1961 -212.89288 None
0034 -209.20311999999998 None
0414 -208.69176 None
0572 -212.38511999999997 None
1022 -212.4048 None
2094 -210.52327999999997 None
1136 -211.16392 None
0088 -212.07376 None
1490 -213.31119999999999 None
1075 -212.38216 None
0325 -209.78688 None
0382 -211.57824 None
2108 -209.35255999999998 None
0133 -210.10711999999998 None
1456 -211.91224 None
0140 -210.91744 None
1895 -211.58808 None
0451 -210.92728 None
1998 -213.25599999999997 None
0232 -212.0324 None
1177 -211.49159999999998 None
2663 -213.27568 -213.20758616
1496 -213.13 None
2042 -211.5852 None
1878 -210.54896 None
0891 -212.03823999999997 None
0151 -211.49159999999998 None
0170 -212.50823999999997 None
1532 -211.09575999999998 None
0442 -211.50439999999998 None
2442 -211.07927999999998 None
2164 -209.45216 None
0145 -212.07088 None
1727 -212.94111999999998 None
0431 -211.0444 None
0540 -212.23255999999998 -212.27496481
0613 -210.22415999999998 None
2581 -209.63119999999998 None
2020 -209.5632 None
0245 -212.06792 None
0809 -211.00536 None
0910 -212.02551999999997 None
1884 -212.76976 None
2240 -210.19559999999998 None
1723 -213.27568 None
0550 -210.6812 None
0609 -212.23943999999997 None
0812 -211.42911999999998 None
1633 -210.09416 None
1264 -210.77792 None
0390 -210.56168 None
2234 -210.16296 None
0595 -213.31416 None
2160 -209.42943999999997 None
1189 -211.47799999999998 None
1505 -211.06944 None
0541 -212.24239999999998 None
1343 -211.39352 None
0503 -210.99552 None
1178 -208.61919999999998 None
1279 -212.02551999999997 None
0835 -211.57471999999999 None
0048 -208.176 None
2315 -212.11327999999997 None
0668 -211.58455999999998 None
0554 -212.37527999999998 None
2487 -210.11391999999998 None
2551 -213.54152 None
1547 -209.71591999999998 None
2374 -211.8988 None
1850 -213.27568 None
1628 -209.38807999999997 None
1009 -213.42136 None
2482 -211.5852 None
0604 -210.18576 None
0941 -211.59792 None
1002 -211.54904 None
2426 -212.05496 None
0130 -211.01871999999997 None
0996 -212.52784 None
0600 -211.91528 None
1568 -213.26584 None
2601 -209.95824 None
2644 -211.23471999999998 None
2466 -212.76976 None
0684 -213.26296 None
0569 -212.37527999999998 None
1520 -210.08136 None
1321 -210.4312 None
0007 -211.53008 -211.4377287
0932 -210.47711999999999 None
1467 -211.52936 None
1322 -209.41384 None
2079 -209.84184 None
1774 -211.21215999999998 None
0012 -212.46287999999998 -212.35505549
0055 -208.52664 None
2583 -211.90928 None
2578 -210.69104 None
0152 -210.10783999999998 None
2454 -213.2884 None
0863 -211.24767999999997 None
0875 -211.57183999999998 None
0043 -211.49159999999998 None
2221 -210.12751999999998 None
2175 -209.73543999999998 None
1323 -209.70304 None
0940 -211.5852 None
1803 -213.28552 None
1842 -209.8224 None
2264 -211.13791999999998 None
1830 -211.23471999999998 None
0624 -210.694 None
1997 -213.25599999999997 None
2639 -209.8224 None
0760 -211.90239999999997 None
1950 -213.12016 None
1475 -211.50439999999998 None
2591 -212.07768 None
0045 -210.38359999999997 None
0772 -212.03472 None
2353 -210.4416 None
1341 -210.98567999999997 None
1254 -212.38511999999997 None
0929 -210.27239999999998 None
0187 -210.10711999999998 None
0976 -212.38511999999997 None
2643 -211.9448 None
0186 -210.10495999999998 None
1282 -213.39192 None
2147 -210.21128 None
1316 -209.44176 None
2408 -211.90928 None
1978 -213.32399999999998 None
0916 -212.03527999999997 None
2579 -208.95608 None
0698 -211.06944 None
2433 -211.59496 None
1958 -213.13 None
1208 -208.87295999999998 None
1717 -211.9448 None
0714 -210.6812 None
0977 -212.40768 None
1212 -209.79288 None
1458 -210.18576 None
1738 -213.17831999999999 None
1036 -212.03527999999997 None
1618 -213.56704 -213.49595583
0711 -211.92512 None
2300 -211.50143999999997 None
0155 -211.49743999999998 None
1014 -213.40864 None
1702 -212.06792 None
2607 -211.5392 None
1360 -213.41152 None
1216 -210.5844 None
2157 -207.76639999999998 None
2462 -210.76495999999997 None
0741 -211.37143999999998 None
2459 -213.29536 None
0195 -212.064 None
0877 -212.38511999999997 None
1065 -212.02256 -212.48569984
1724 -213.29536 None
1348 -212.75696 None
2540 -211.93496 None
1634 -211.56552 None
0295 -210.54871999999997 None
1493 -213.12016 None
2332 -213.25016 None
1394 -211.5724 None
0931 -210.47711999999999 None
0196 -212.02551999999997 None
1642 -211.60479999999998 None
1502 -212.5308 None
1113 -210.46728 None
2598 -210.20832 None
1004 -211.58223999999998 None
0656 -210.21128 None
0770 -210.20832 None
0477 -208.70759999999999 None
0098 -211.48471999999998 None
1260 -213.32399999999998 None
1536 -212.96759999999998 None
2403 -211.57471999999999 None
0068 -211.39808 None
0257 -213.52184 -213.59072973
2344 -210.70623999999998 None
0834 -211.57471999999999 None
2395 -210.44104 None
1831 -211.54904 None
1679 -211.51415999999998 None
1258 -213.25312 None
1889 -211.52648 None
2323 -211.13791999999998 None
0312 -211.00199999999998 None
0286 -208.5776 None
1870 -211.56552 None
0109 -210.93024 None
2554 -213.54152 None
1605 -213.26584 None
1241 -212.38511999999997 None
1063 -213.386 None
0015 -209.79664 -209.26700988
2291 -210.06864 None
0864 -210.07152 None
0206 -210.68416 None
2327 -213.3012 None
0168 -212.53367999999998 None
1770 -210.59423999999999 None
0618 -212.24239999999998 None
0197 -212.05808 None
0324 -210.17535999999998 None
0353 -208.78151999999997 None
1402 -213.32399999999998 None
2019 -208.5776 None
1336 -211.90239999999997 None
1574 -213.54736 None
0443 -210.97343999999998 None
1141 -210.42752 None
1928 -212.0708 None
1826 -213.29536 None
0867 -211.90239999999997 None
0031 -212.46287999999998 None
1476 -210.78776 None
0643 -210.43408 None
0272 -213.59271999999999 -213.5970293
1563 -213.54736 None
1593 -211.5852 None
0215 -212.50528 -212.72990677
1906 -212.38511999999997 None
0360 -210.47711999999999 None
0543 -211.92512 None
0630 -208.55112 None
0759 -213.25312 None
2340 -208.64183999999997 None
0129 -212.50528 None
1283 -213.38896 None
0237 -210.68128 None
0547 -211.00135999999998 None
0185 -210.03312 None
1864 -211.11535999999998 None
0212 -210.99903999999998 None
0334 -210.53912 None
2415 -210.64183999999997 None
1604 -211.11535999999998 None
1290 -212.52095999999997 None
0771 -212.01208 None
1858 -210.72959999999998 None
0567 -211.14407999999997 None
2476 -213.14272 None
0924 -212.52095999999997 None
2447 -211.07927999999998 None
1398 -213.26584 None
1405 -211.51711999999998 None
1154 -213.30432 None
0517 -209.25904 None
1890 -211.12519999999998 None
0105 -209.54351999999997 None
2294 -210.93416 None
2288 -211.51415999999998 None
2023 -209.04368 None
1780 -211.46208 None
0973 -212.04808 None
1507 -211.46751999999998 None
2318 -210.39192 None
1215 -210.5844 None
1691 -211.11479999999997 None
0102 -211.49455999999998 None
0092 -212.51111999999998 None
2348 -209.81256 None
0049 -208.176 None
1560 -211.10263999999998 None
1541 -209.90231999999997 None
1270 -212.79543999999999 None
1964 -211.43952 None
1963 -211.21215999999998 None
2105 -210.97047999999998 None
0148 -211.49455999999998 None
1567 -211.11535999999998 None
0589 -213.29448 None
0823 -212.38511999999997 None
2553 -213.27568 None
0252 -210.50359999999998 None
0482 -209.654 None
1927 -212.11911999999998 None
1869 -211.20232 None
1967 -213.27568 None
0476 -209.60807999999997 None
0629 -209.97119999999998 None
0715 -210.64863999999997 None
0038 -210.46735999999999 None
0744 -211.06944 None
2095 -210.52327999999997 None
2087 -208.69176 None
2177 -209.44904 None
1328 -211.56256 None
2652 -211.44928 -211.99166189
1636 -211.59792 None
0046 -211.44632 None
1521 -211.47735999999998 None
2063 -209.04368 None
0362 -209.37135999999998 None
0710 -211.88959999999997 None
2491 -211.08903999999998 None
1121 -209.94472 None
2276 -209.47863999999998 None
1631 -209.89935999999997 None
0989 -211.00887999999998 None
2113 -209.18728 None
0430 -210.4416 None
1544 -211.4192 None
0306 -211.53008 None
0412 -209.86103999999997 None
0275 -213.52184 -213.59553671
0381 -209.6932 None
2049 -210.94696 None
2450 -211.59792 None
1610 -213.54448 None
0067 -210.94791999999998 None
0464 -210.03312 None
0233 -211.49455999999998 None
0635 -209.89935999999997 None
0841 -211.88959999999997 None
1334 -211.56199999999998 None
0174 -209.54064 None
0285 -209.56608 None
2064 -209.10175999999998 None
1317 -211.10495999999998 None
2184 -211.15759999999997 None
0205 -210.23407999999998 None
1195 -211.92512 None
0248 -211.48871999999997 None
0548 -210.50295999999997 None
1373 -211.46751999999998 None
0054 -209.23647999999997 None
1100 -213.00367999999997 None
0969 -213.42432 None
1034 -212.01567999999997 None
1787 -211.93496 None
0458 -211.02167999999998 None
0988 -210.64568 None
1485 -211.21215999999998 None
1285 -213.16848 None
0399 -212.85799999999998 None
1515 -212.03527999999997 None
2350 -211.45224 None
2078 -210.45144 None
0439 -211.52712 None
2090 -208.97039999999998 None
2372 -211.07927999999998 None
0180 -210.03608 None
0839 -213.25312 None
1457 -211.90928 None
0782 -210.18576 None
2274 -210.29199999999997 None
0563 -212.06792 None
1837 -213.27568 None
2277 -210.0912 None
2070 -209.9092 None
0648 -211.42968 None
2082 -210.40615999999997 None
0568 -210.5128 None
0228 -212.05808 None
2557 -211.77632 None
2207 -211.5852 None
1775 -210.40463999999997 None
1419 -213.27568 None
1062 -213.3988 None
0719 -210.64863999999997 None
1982 -213.41152 None
1156 -213.32399999999998 None
1068 -213.3988 None
0073 -211.49743999999998 None
1420 -213.25312 None
2465 -212.79232 None
1229 -210.18576 None
2651 -211.54904 None
1272 -210.97207999999998 None
0485 -210.46728 None
2655 -209.74079999999998 None
0274 -212.03527999999997 None
1525 -210.19848 None
0176 -210.91744 None
2114 -208.8012 None
0819 -210.55424 None
0521 -209.69024 None
1703 -212.07768 None
0669 -210.21815999999998 None
1655 -211.05424 None
0327 -211.61087999999998 None
1591 -211.76656 None
0992 -212.50823999999997 None
1220 -211.50439999999998 None
2039 -210.54871999999997 None
2425 -213.27272 None
2062 -209.06624 None
0240 -210.91456 None
2231 -211.22487999999998 None
2470 -211.23471999999998 None
0153 -211.48471999999998 None
1042 -212.05496 None
2065 -208.12743999999998 None
0261 -209.53768 None
2363 -211.99687999999998 None
0200 -212.03823999999997 None
0126 -212.50823999999997 None
2162 -209.40391999999997 None
0121 -212.02551999999997 None
1701 -211.89944 None
1939 -211.52936 None
2256 -210.63296 None
0655 -210.18864 None
0522 -209.78392 None
1449 -210.94984 None
2435 -212.53768 None
0953 -209.71872 None
1498 -213.41152 None
0487 -211.90239999999997 None
0584 -211.25063999999998 None
2322 -209.8224 None
0376 -210.1532 None
2632 -211.5392 None
1240 -213.26296 None
0650 -210.22415999999998 None
1737 -213.13 None
0316 -210.10783999999998 None
1471 -211.92512 None
1522 -211.42904 None
0615 -210.68416 None
0767 -211.92512 None
1565 -213.25312 None
0510 -208.40848 None
0188 -210.10711999999998 None
0896 -211.50727999999998 None
2592 -210.52264 None
2131 -209.53768 None
1418 -213.27864 None
2489 -211.11167999999998 None
0869 -210.64863999999997 None
0852 -212.07023999999998 None
0301 -211.03751999999997 None
2102 -210.12455999999997 None
2513 -212.0324 None
0556 -211.90239999999997 None
1399 -213.31119999999999 None
1772 -211.23471999999998 None
2252 -211.06408 None
1291 -212.37527999999998 None
2346 -209.71815999999998 None
2574 -208.84655999999998 None
2509 -211.00536 None
0346 -212.91616 None
1491 -212.03527999999997 None
1489 -213.26296 None
1748 -211.93496 None
0617 -211.92512 None
1622 -209.62143999999998 None
2376 -211.08903999999998 None
1534 -212.01567999999997 None
1580 -210.18864 None
1273 -211.20232 None
0053 -209.33015999999998 None
1196 -212.03823999999997 None
0406 -207.1608 -207.35022639
1090 -213.30143999999999 None
2081 -210.03312 None
1843 -210.64183999999997 None
2658 -211.9448 None
1217 -210.52911999999998 None
1654 -210.66832 None
2261 -211.22199999999998 None
0318 -211.49455999999998 None
1122 -211.56256 -211.56012993
2311 -211.00599999999997 None
2096 -210.40615999999997 None
1355 -213.28552 None
0975 -210.58136 None
1095 -212.02256 None
0881 -211.1412 None
2357 -211.92224 None
1143 -211.06879999999998 None
0520 -209.6932 None
0999 -211.50439999999998 None
0086 -212.064 None
2170 -208.52256 None
0033 -208.176 None
0040 -210.38647999999998 None
1980 -213.26584 None
0479 -210.13976 None
0661 -210.51567999999997 None
1751 -211.5392 None
1626 -210.18576 None
1832 -211.46208 None
2009 -209.81519999999998 None
1427 -213.17831999999999 None
1579 -209.85119999999998 None
2199 -209.38807999999997 None
0315 -211.49455999999998 None
1804 -213.28552 None
0904 -211.93792 None
2133 -209.45216 None
2001 -207.80944 None
0639 -211.4228 None
1941 -211.90239999999997 None
1487 -213.31416 None
1018 -212.05496 None
0079 -211.49743999999998 None
2382 -213.2884 None
0347 -211.49455999999998 None
1085 -211.148 None
0460 -210.99615999999997 None
1497 -213.17831999999999 None
1451 -211.56199999999998 None
1993 -213.25599999999997 None
2097 -210.54288 None
0284 -208.58344 None
1996 -213.25599999999997 None
1794 -211.24455999999998 None
0436 -210.71679999999998 None
1245 -211.92455999999999 None
0497 -211.35871999999998 None
1778 -209.95824 None
0539 -211.91528 None
2083 -207.11927999999997 None
1915 -209.94768 None
0824 -212.38216 None
1612 -213.28552 None
0448 -210.43472 None
0491 -210.46439999999998 None
2158 -207.95816 None
0854 -210.64863999999997 None
2564 -213.56119999999999 -213.46477954
0542 -211.92808 None
1204 -211.50439999999998 None
0804 -209.19704 None
0707 -210.07152 None
1135 -211.21223999999998 None
1921 -210.16296 None
0580 -209.71887999999998 None
0677 -213.27568 None
1833 -213.14272 None
0321 -210.97632 None
1879 -210.63592 None
2224 -211.05424 None
0897 -209.69616 None
0518 -208.77856 None
1161 -213.32399999999998 None
1835 -213.27568 None
0515 -208.58759999999998 None
1203 -211.39128 None
2401 -211.5724 None
2190 -209.62143999999998 None
0620 -211.93792 None
1715 -209.8224 None
2169 -209.63119999999998 None
0855 -212.24928 None
1575 -213.54448 None
0886 -211.01183999999998 None
0496 -210.92432 None
0636 -210.10703999999998 None
0598 -213.30143999999999 None
2103 -209.98495999999997 None
0602 -212.06096 None
1747 -213.27568 None
0551 -210.64863999999997 None
2577 -211.07927999999998 None
0351 -208.50287999999998 None
2555 -210.19848 None
0564 -212.05808 None
1940 -211.92512 None
0065 -210.95087999999998 None
2084 -208.10487999999998 None
2305 -212.08751999999998 None
1309 -212.38511999999997 None
1611 -211.13503999999998 None
0586 -211.56495999999999 None
2345 -210.7644 None
1001 -211.52648 None
1968 -213.26584 None
1512 -211.92512 None
2259 -209.42648 None
1244 -211.11479999999997 None
1881 -210.93648 None
1990 -210.50359999999998 None
1690 -209.63119999999998 None
2370 -210.19848 None
1259 -212.38511999999997 None
0247 -212.02944 None
0519 -209.78688 None
0651 -210.22415999999998 None
0037 -210.46735999999999 None
1125 -211.60799999999998 None
1795 -211.55888 None
0524 -211.03456 None
2074 -210.4544 None
2662 -213.27568 None
0734 -210.65848 None
2420 -210.95615999999998 None
1408 -210.6676 None
2073 -210.28511999999998 None
1392 -210.19559999999998 None
0253 -213.62431999999998 -213.6384899
0859 -209.89935999999997 None
1650 -210.18576 None
1181 -210.79008 None
2308 -212.04224 None
0979 -212.5308 None
2306 -212.06495999999999 None
1683 -211.11479999999997 None
2582 -211.91224 None
0950 -209.5632 None
1725 -210.61391999999998 None
1590 -211.76656 None
0536 -210.53848 None
0116 -210.03608 None
2547 -211.70767999999998 None
1616 -213.28552 None
0833 -211.25751999999997 None
2625 -211.70767999999998 None
2233 -211.19943999999998 None
1021 -212.38216 None
0806 -210.66832 None
2543 -211.54904 None
1020 -210.5784 None
2289 -210.93712 None
0419 -210.26255999999998 None
1468 -211.52936 None
1779 -211.45224 None
0790 -211.87983999999997 None
2301 -212.0324 None
1007 -211.5852 None
0001 -210.95672 -211.10939864
0251 -212.01567999999997 None
1909 -211.05664 None
0239 -209.53472 None
1025 -212.52784 None
1142 -210.42752 None
1607 -212.98728 None
1645 -210.65848 None
1569 -212.03527999999997 None
1632 -209.89935999999997 None
2295 -211.50143999999997 None
2048 -210.94984 None
1873 -211.24767999999997 None
2530 -213.15256 None
1064 -213.44415999999998 None
2534 -211.59792 None
1955 -211.11479999999997 -210.80928134
2456 -213.27568 None
1792 -212.92528 None
0799 -211.88672 None
0964 -213.41152 None
0526 -211.01183999999998 None
1923 -211.58808 None
2588 -211.08903999999998 None
0374 -211.0444 None
1986 -209.76999999999998 None
1546 -211.75671999999997 None
1169 -210.59135999999998 None
0946 -210.1728 None
1695 -209.89935999999997 None
0058 -210.50359999999998 None
0396 -210.6812 None
2609 -212.93504 None
2659 -209.8224 None
2267 -211.59496 None
0263 -212.0836 None
0709 -211.89255999999997 None
0434 -211.01871999999997 None
2054 -211.04144 None
1236 -213.30143999999999 None
1766 -211.93496 None
2099 -210.4032 None
2429 -213.1624 None
1409 -212.79543999999999 None
2526 -213.32103999999998 None
2468 -211.54904 None
0429 -211.60799999999998 None
1517 -211.50439999999998 None
0013 -208.53248 -208.4820167
2428 -213.4184 None
2549 -213.27568 None
2253 -211.06112 None
0273 -213.56727999999998 -213.60031382
0402 -212.86783999999997 None
0675 -213.25599999999997 None
1302 -211.5724 None
2101 -210.10199999999998 None
0593 -211.87983999999997 None
0002 -211.45216 -211.76543471
2416 -212.80216 None
1933 -212.03527999999997 None
2532 -213.42136 None
1678 -212.4048 None
0395 -211.03143999999998 None
1218 -210.52615999999998 None
1071 -212.0324 None
0611 -212.37527999999998 None
2520 -211.53632 None
1975 -213.27568 None
0194 -210.91744 None
2008 -208.80408 None
0814 -210.10415999999998 None
2324 -211.13503999999998 None
1867 -210.26255999999998 None
1767 -213.27568 None
2501 -211.90928 None
0219 -210.10711999999998 None
1917 -211.27319999999997 None
2366 -209.80272 None
1052 -211.93504 None
1586 -211.42904 None
