3.798000 0.000000 0.000000
0.000000 3.798000 0.000000
0.000000 0.000000 3.798000
2.000000 0.000000 0.000000
0.000000 2.000000 0.000000
0.000000 0.000000 2.000000
   0.0000000000   0.0000000000   0.0000000000  Ti
   0.0000000000   0.0000000000   1.0000000000  Ti
   0.0000000000   1.0000000000   0.0000000000  Ti
   0.0000000000   1.0000000000   1.0000000000  Ti
   1.0000000000   0.0000000000   0.0000000000  Ti
   1.0000000000   0.0000000000   1.0000000000  Ti
   1.0000000000   1.0000000000   0.0000000000  Ti
   1.0000000000   1.0000000000   1.0000000000  Ti
   1.5000000000   1.0000000000   1.0000000000  O
  -0.0000000000   1.5000000000   1.0000000000  O
   1.0000000000   1.5000000000   0.0000000000  O
   0.0000000000   0.0000000000   1.5000000000  O
   0.0000000000   1.0000000000   0.5000000000  O
   1.0000000000   0.0000000000   0.5000000000  O
   1.0000000000   1.0000000000   0.5000000000  O
   1.0000000000   1.0000000000   1.5000000000  O
   0.5000000000   0.0000000000   0.0000000000  F
   0.5000000000   0.0000000000   1.0000000000  F
   0.5000000000   1.0000000000   0.0000000000  F
   0.5000000000   1.0000000000   1.0000000000  F
   1.5000000000   0.0000000000   0.0000000000  F
   1.5000000000   0.0000000000   1.0000000000  F
   1.5000000000   1.0000000000   0.0000000000  F
   0.0000000000   0.5000000000   0.0000000000  F
   0.0000000000   0.5000000000   1.0000000000  F
  -0.0000000000   1.5000000000   0.0000000000  F
   1.0000000000   0.5000000000   0.0000000000  F
   1.0000000000   0.5000000000   1.0000000000  F
   1.0000000000   1.5000000000   1.0000000000  F
   0.0000000000   0.0000000000   0.5000000000  F
   0.0000000000   1.0000000000   1.5000000000  F
   1.0000000000   0.0000000000   1.5000000000  F
